		     \||||||||||||||||||/
		   --- Welcome to Maude ---
		     /||||||||||||||||||\
	     Maude 3.0 built: Mar 15 2020 23:55:47
	     Copyright 1997-2019 SRI International
		   Sat Apr 20 15:21:54 2024
Advisory: redefining module BOOLEAN.
Advisory: redefining module INTEGER.
Advisory: redefining module REAL.
Advisory: redefining module REAL-INTEGER.
==========================================
reduce in SMT-CHECK : smtCheck(1/1 < 1/1, false) .
rewrites: 1 in 0ms cpu (0ms real) (~ rewrites/second)
result Bool: (false).Bool
==========================================
reduce in REPORTER : counter(0, metaSrewrite(upModule('POR, false), upTerm(
    appExt), 'ample[[empty]], breadthFirst, 0)) .
rewrites: 34986000 in 366332ms cpu (366331ms real) (95503 rewrites/second)
result NzNat: (14874).NzNat
Bye.
368.10user 0.08system 6:08.20elapsed 99%CPU (0avgtext+0avgdata 134388maxresident)k
0inputs+16outputs (0major+39409minor)pagefaults 0swaps
