		     \||||||||||||||||||/
		   --- Welcome to Maude ---
		     /||||||||||||||||||\
	     Maude 3.0 built: Mar 15 2020 23:55:47
	     Copyright 1997-2019 SRI International
		   Sat Apr 20 15:13:03 2024
Advisory: redefining module BOOLEAN.
Advisory: redefining module INTEGER.
Advisory: redefining module REAL.
Advisory: redefining module REAL-INTEGER.
==========================================
reduce in SMT-CHECK : smtCheck(1/1 < 1/1, false) .
rewrites: 1 in 0ms cpu (0ms real) (~ rewrites/second)
result Bool: (false).Bool
==========================================
reduce in REPORTER : counter(0, metaSrewrite(upModule('POR, false), upTerm(
    appExt), 'porStar[[empty]], breadthFirst, 0)) .
rewrites: 55991247 in 632572ms cpu (632568ms real) (88513 rewrites/second)
result NzNat: (18020).NzNat
Bye.
634.33user 0.08system 10:34.43elapsed 99%CPU (0avgtext+0avgdata 144504maxresident)k
0inputs+16outputs (0major+34553minor)pagefaults 0swaps
