		     \||||||||||||||||||/
		   --- Welcome to Maude ---
		     /||||||||||||||||||\
	     Maude 3.0 built: Mar 15 2020 23:55:47
	     Copyright 1997-2019 SRI International
		   Sat Apr 20 20:15:36 2024
Advisory: redefining module BOOLEAN.
Advisory: redefining module INTEGER.
Advisory: redefining module REAL.
Advisory: redefining module REAL-INTEGER.
==========================================
reduce in SMT-CHECK : smtCheck(1/1 < 1/1, false) .
rewrites: 1 in 0ms cpu (0ms real) (~ rewrites/second)
result Bool: (false).Bool
==========================================
srewrite in REPORTER : appExt using noPor ; fail .

No solution.
rewrites: 9178004 in 1947760ms cpu (1947760ms real) (4712 rewrites/second)
Bye.
1949.47user 0.16system 32:29.67elapsed 99%CPU (0avgtext+0avgdata 336604maxresident)k
16inputs+16outputs (0major+85105minor)pagefaults 0swaps
