		     \||||||||||||||||||/
		   --- Welcome to Maude ---
		     /||||||||||||||||||\
	     Maude 3.0 built: Mar 15 2020 23:55:47
	     Copyright 1997-2019 SRI International
		   Sat Apr 20 20:14:33 2024
Advisory: redefining module BOOLEAN.
Advisory: redefining module INTEGER.
Advisory: redefining module REAL.
Advisory: redefining module REAL-INTEGER.
==========================================
reduce in SMT-CHECK : smtCheck(1/1 < 1/1, false) .
rewrites: 1 in 0ms cpu (0ms real) (~ rewrites/second)
result Bool: (false).Bool
==========================================
srewrite in REPORTER : appExt using ample ; fail .

No solution.
rewrites: 123806 in 29224ms cpu (29224ms real) (4236 rewrites/second)
Bye.
31.06user 0.02system 0:31.09elapsed 99%CPU (0avgtext+0avgdata 69116maxresident)k
16inputs+16outputs (0major+15541minor)pagefaults 0swaps
