		     \||||||||||||||||||/
		   --- Welcome to Maude ---
		     /||||||||||||||||||\
	     Maude 3.0 built: Mar 15 2020 23:55:47
	     Copyright 1997-2019 SRI International
		   Tue Apr  9 14:38:16 2024
Advisory: redefining module BOOLEAN.
Advisory: redefining module INTEGER.
Advisory: redefining module REAL.
Advisory: redefining module REAL-INTEGER.
==========================================
reduce in SMT-CHECK : smtCheck(1/1 < 1/1, false) .
rewrites: 1 in 0ms cpu (0ms real) (~ rewrites/second)
result Bool: (false).Bool
==========================================
srewrite in REPORTER : appExt using internal ; fail .

No solution.
rewrites: 7999895 in 882056ms cpu (882057ms real) (9069 rewrites/second)
Bye.
882.84user 1.10system 14:43.96elapsed 99%CPU (0avgtext+0avgdata 1218996maxresident)k
16inputs+16outputs (0major+365256minor)pagefaults 0swaps
