		     \||||||||||||||||||/
		   --- Welcome to Maude ---
		     /||||||||||||||||||\
	     Maude 3.0 built: Mar 15 2020 23:55:47
	     Copyright 1997-2019 SRI International
		   Mon Jul  1 19:43:15 2024
Advisory: redefining module BOOLEAN.
Advisory: redefining module INTEGER.
Advisory: redefining module REAL.
Advisory: redefining module REAL-INTEGER.
==========================================
reduce in SMT-CHECK : smtCheck(1/1 < 1/1, false) .
rewrites: 1 in 0ms cpu (0ms real) (~ rewrites/second)
result Bool: (false).Bool
==========================================
reduce in REPORTER : counter(0, metaSrewrite(upModule('POR, false), upTerm(
    appExt), 'noPor[[empty]], breadthFirst, 0)) .
rewrites: 284014941 in 2866396ms cpu (2866397ms real) (99084 rewrites/second)
result NzNat: (25556).NzNat
Bye.
2867.56user 1.84system 47:49.44elapsed 99%CPU (0avgtext+0avgdata 313356maxresident)k
112inputs+16outputs (0major+947289minor)pagefaults 0swaps
