		     \||||||||||||||||||/
		   --- Welcome to Maude ---
		     /||||||||||||||||||\
	     Maude 3.0 built: Mar 15 2020 23:55:47
	     Copyright 1997-2019 SRI International
		   Sat Apr 20 20:23:27 2024
Advisory: redefining module BOOLEAN.
Advisory: redefining module INTEGER.
Advisory: redefining module REAL.
Advisory: redefining module REAL-INTEGER.
==========================================
reduce in SMT-CHECK : smtCheck(1/1 < 1/1, false) .
rewrites: 1 in 0ms cpu (0ms real) (~ rewrites/second)
result Bool: (false).Bool
==========================================
srewrite in REPORTER : appExt using internal ; fail .

No solution.
rewrites: 17885 in 3160ms cpu (3158ms real) (5659 rewrites/second)
Bye.
4.98user 0.01system 0:05.00elapsed 99%CPU (0avgtext+0avgdata 64072maxresident)k
16inputs+8outputs (0major+14300minor)pagefaults 0swaps
