		     \||||||||||||||||||/
		   --- Welcome to Maude ---
		     /||||||||||||||||||\
	     Maude 3.0 built: Mar 15 2020 23:55:47
	     Copyright 1997-2019 SRI International
		   Mon Apr 15 17:20:07 2024
Advisory: redefining module BOOLEAN.
Advisory: redefining module INTEGER.
Advisory: redefining module REAL.
Advisory: redefining module REAL-INTEGER.
==========================================
reduce in SMT-CHECK : smtCheck(1/1 < 1/1, false) .
rewrites: 1 in 0ms cpu (0ms real) (~ rewrites/second)
result Bool: (false).Bool
==========================================
reduce in REPORTER : counter(0, metaSrewrite(upModule('POR, false), upTerm(
    appExt), 'porStar[[empty]], breadthFirst, 0)) .
rewrites: 448057363 in 5269612ms cpu (5269612ms real) (85026 rewrites/second)
result NzNat: (144208).NzNat
Bye.
5271.16user 0.26system 1:27:51elapsed 99%CPU (0avgtext+0avgdata 388760maxresident)k
16inputs+16outputs (0major+107712minor)pagefaults 0swaps
