		     \||||||||||||||||||/
		   --- Welcome to Maude ---
		     /||||||||||||||||||\
	     Maude 3.0 built: Mar 15 2020 23:55:47
	     Copyright 1997-2019 SRI International
		   Wed Apr 10 19:19:38 2024
Advisory: redefining module BOOLEAN.
Advisory: redefining module INTEGER.
Advisory: redefining module REAL.
Advisory: redefining module REAL-INTEGER.
==========================================
reduce in SMT-CHECK : smtCheck(1/1 < 1/1, false) .
rewrites: 1 in 0ms cpu (0ms real) (~ rewrites/second)
result Bool: (false).Bool
==========================================
reduce in REPORTER : counter(0, metaSrewrite(upModule('POR, false), upTerm(
    appExt), 'ample[[empty]], breadthFirst, 0)) .
rewrites: 177173989 in 2731192ms cpu (2731204ms real) (64870 rewrites/second)
result NzNat: (87406).NzNat
Bye.
2731.42user 1.51system 45:32.97elapsed 99%CPU (0avgtext+0avgdata 1477520maxresident)k
16inputs+16outputs (0major+370272minor)pagefaults 0swaps
