		     \||||||||||||||||||/
		   --- Welcome to Maude ---
		     /||||||||||||||||||\
	     Maude 3.0 built: Mar 15 2020 23:55:47
	     Copyright 1997-2019 SRI International
		   Mon Jul  1 19:31:49 2024
Advisory: redefining module BOOLEAN.
Advisory: redefining module INTEGER.
Advisory: redefining module REAL.
Advisory: redefining module REAL-INTEGER.
==========================================
reduce in SMT-CHECK : smtCheck(1/1 < 1/1, false) .
rewrites: 1 in 0ms cpu (0ms real) (~ rewrites/second)
result Bool: (false).Bool
==========================================
reduce in REPORTER : counter(0, metaSrewrite(upModule('POR, false), upTerm(
    appExt), 'porStar[[empty]], breadthFirst, 0)) .
rewrites: 99970650 in 889892ms cpu (889894ms real) (112340 rewrites/second)
result NzNat: (8969).NzNat
Bye.
892.70user 0.09system 14:52.81elapsed 99%CPU (0avgtext+0avgdata 188024maxresident)k
112inputs+16outputs (0major+49441minor)pagefaults 0swaps
