		     \||||||||||||||||||/
		   --- Welcome to Maude ---
		     /||||||||||||||||||\
	     Maude 3.0 built: Mar 15 2020 23:55:47
	     Copyright 1997-2019 SRI International
		   Wed Apr 10 17:36:34 2024
Advisory: redefining module BOOLEAN.
Advisory: redefining module INTEGER.
Advisory: redefining module REAL.
Advisory: redefining module REAL-INTEGER.
==========================================
reduce in SMT-CHECK : smtCheck(1/1 < 1/1, false) .
rewrites: 1 in 0ms cpu (0ms real) (~ rewrites/second)
result Bool: (false).Bool
==========================================
reduce in REPORTER : counter(0, metaSrewrite(upModule('POR, false), upTerm(
    appExt), 'internal[[empty]], breadthFirst, 0)) .
rewrites: 139820433 in 1928508ms cpu (1928554ms real) (72501 rewrites/second)
result NzNat: (68978).NzNat
Bye.
1924.89user 5.35system 32:10.31elapsed 99%CPU (0avgtext+0avgdata 963464maxresident)k
16inputs+16outputs (0major+246441minor)pagefaults 0swaps
