		     \||||||||||||||||||/
		   --- Welcome to Maude ---
		     /||||||||||||||||||\
	     Maude 3.0 built: Mar 15 2020 23:55:47
	     Copyright 1997-2019 SRI International
		   Sat Apr 20 20:22:35 2024
Advisory: redefining module BOOLEAN.
Advisory: redefining module INTEGER.
Advisory: redefining module REAL.
Advisory: redefining module REAL-INTEGER.
==========================================
reduce in SMT-CHECK : smtCheck(1/1 < 1/1, false) .
rewrites: 1 in 0ms cpu (0ms real) (~ rewrites/second)
result Bool: (false).Bool
==========================================
srewrite in REPORTER : appExt using ample ; fail .

No solution.
rewrites: 7857 in 808ms cpu (807ms real) (9724 rewrites/second)
Bye.
2.66user 0.02system 0:02.69elapsed 99%CPU (0avgtext+0avgdata 63356maxresident)k
16inputs+8outputs (0major+14608minor)pagefaults 0swaps
