		     \||||||||||||||||||/
		   --- Welcome to Maude ---
		     /||||||||||||||||||\
	     Maude 3.0 built: Mar 15 2020 23:55:47
	     Copyright 1997-2019 SRI International
		   Sat Apr 20 20:13:48 2024
Advisory: redefining module BOOLEAN.
Advisory: redefining module INTEGER.
Advisory: redefining module REAL.
Advisory: redefining module REAL-INTEGER.
==========================================
reduce in SMT-CHECK : smtCheck(1/1 < 1/1, false) .
rewrites: 1 in 0ms cpu (0ms real) (~ rewrites/second)
result Bool: (false).Bool
==========================================
srewrite in REPORTER : appExt using porStar ; fail .

No solution.
rewrites: 2370949 in 639688ms cpu (639690ms real) (3706 rewrites/second)
Bye.
641.42user 0.12system 10:41.56elapsed 99%CPU (0avgtext+0avgdata 191792maxresident)k
16inputs+16outputs (0major+48972minor)pagefaults 0swaps
