		     \||||||||||||||||||/
		   --- Welcome to Maude ---
		     /||||||||||||||||||\
	     Maude 3.0 built: Mar 15 2020 23:55:47
	     Copyright 1997-2019 SRI International
		   Mon Apr 15 22:36:10 2024
Advisory: redefining module BOOLEAN.
Advisory: redefining module INTEGER.
Advisory: redefining module REAL.
Advisory: redefining module REAL-INTEGER.
==========================================
reduce in SMT-CHECK : smtCheck(1/1 < 1/1, false) .
rewrites: 1 in 0ms cpu (0ms real) (~ rewrites/second)
result Bool: (false).Bool
==========================================
srewrite in REPORTER : appExt using ample ; fail .

No solution.
rewrites: 212341 in 23708ms cpu (23708ms real) (8956 rewrites/second)
Bye.
25.51user 0.04system 0:25.56elapsed 99%CPU (0avgtext+0avgdata 71960maxresident)k
16inputs+16outputs (0major+18564minor)pagefaults 0swaps
