		     \||||||||||||||||||/
		   --- Welcome to Maude ---
		     /||||||||||||||||||\
	     Maude 3.0 built: Mar 15 2020 23:55:47
	     Copyright 1997-2019 SRI International
		   Sat Apr 20 20:14:33 2024
Advisory: redefining module BOOLEAN.
Advisory: redefining module INTEGER.
Advisory: redefining module REAL.
Advisory: redefining module REAL-INTEGER.
==========================================
reduce in SMT-CHECK : smtCheck(1/1 < 1/1, false) .
rewrites: 1 in 4ms cpu (0ms real) (250 rewrites/second)
result Bool: (false).Bool
==========================================
srewrite in REPORTER : appExt using porStar ; fail .

No solution.
rewrites: 2720399 in 790240ms cpu (790239ms real) (3442 rewrites/second)
Bye.
792.02user 0.08system 13:12.11elapsed 99%CPU (0avgtext+0avgdata 213564maxresident)k
16inputs+16outputs (0major+53300minor)pagefaults 0swaps
