		     \||||||||||||||||||/
		   --- Welcome to Maude ---
		     /||||||||||||||||||\
	     Maude 3.0 built: Mar 15 2020 23:55:47
	     Copyright 1997-2019 SRI International
		   Sat Apr 20 15:21:19 2024
Advisory: redefining module BOOLEAN.
Advisory: redefining module INTEGER.
Advisory: redefining module REAL.
Advisory: redefining module REAL-INTEGER.
==========================================
reduce in SMT-CHECK : smtCheck(1/1 < 1/1, false) .
rewrites: 1 in 0ms cpu (0ms real) (~ rewrites/second)
result Bool: (false).Bool
==========================================
reduce in REPORTER : counter(0, metaSrewrite(upModule('POR, false), upTerm(
    appExt), 'porStar[[empty]], breadthFirst, 0)) .
rewrites: 690543 in 8092ms cpu (8089ms real) (85336 rewrites/second)
result NzNat: (338).NzNat
Bye.
9.88user 0.04system 0:09.92elapsed 99%CPU (0avgtext+0avgdata 78504maxresident)k
0inputs+16outputs (0major+17907minor)pagefaults 0swaps
