		     \||||||||||||||||||/
		   --- Welcome to Maude ---
		     /||||||||||||||||||\
	     Maude 3.0 built: Mar 15 2020 23:55:47
	     Copyright 1997-2019 SRI International
		   Mon Apr 15 22:28:08 2024
Advisory: redefining module BOOLEAN.
Advisory: redefining module INTEGER.
Advisory: redefining module REAL.
Advisory: redefining module REAL-INTEGER.
==========================================
reduce in SMT-CHECK : smtCheck(1/1 < 1/1, false) .
rewrites: 1 in 0ms cpu (0ms real) (~ rewrites/second)
result Bool: (false).Bool
==========================================
srewrite in REPORTER : appExt using noPor ; fail .

No solution.
rewrites: 5061090 in 1017596ms cpu (1017593ms real) (4973 rewrites/second)
Bye.
1019.35user 0.20system 16:59.56elapsed 99%CPU (0avgtext+0avgdata 344384maxresident)k
16inputs+16outputs (0major+124117minor)pagefaults 0swaps
