		     \||||||||||||||||||/
		   --- Welcome to Maude ---
		     /||||||||||||||||||\
	     Maude 3.0 built: Mar 15 2020 23:55:47
	     Copyright 1997-2019 SRI International
		   Mon Apr 15 17:27:34 2024
Advisory: redefining module BOOLEAN.
Advisory: redefining module INTEGER.
Advisory: redefining module REAL.
Advisory: redefining module REAL-INTEGER.
==========================================
reduce in SMT-CHECK : smtCheck(1/1 < 1/1, false) .
rewrites: 1 in 4ms cpu (0ms real) (250 rewrites/second)
result Bool: (false).Bool
==========================================
reduce in REPORTER : counter(0, metaSrewrite(upModule('POR, false), upTerm(
    appExt), 'internal[[empty]], breadthFirst, 0)) .
rewrites: 7589189 in 83684ms cpu (83684ms real) (90688 rewrites/second)
result NzNat: (3732).NzNat
Bye.
85.45user 0.08system 1:25.54elapsed 99%CPU (0avgtext+0avgdata 98624maxresident)k
0inputs+16outputs (0major+23332minor)pagefaults 0swaps
