		     \||||||||||||||||||/
		   --- Welcome to Maude ---
		     /||||||||||||||||||\
	     Maude 3.0 built: Mar 15 2020 23:55:47
	     Copyright 1997-2019 SRI International
		   Sat Apr 20 15:12:18 2024
Advisory: redefining module BOOLEAN.
Advisory: redefining module INTEGER.
Advisory: redefining module REAL.
Advisory: redefining module REAL-INTEGER.
==========================================
reduce in SMT-CHECK : smtCheck(1/1 < 1/1, false) .
rewrites: 1 in 0ms cpu (0ms real) (~ rewrites/second)
result Bool: (false).Bool
==========================================
reduce in REPORTER : counter(0, metaSrewrite(upModule('POR, false), upTerm(
    appExt), 'ample[[empty]], breadthFirst, 0)) .
rewrites: 9667917 in 118192ms cpu (118190ms real) (81798 rewrites/second)
result NzNat: (3212).NzNat
Bye.
119.96user 0.07system 2:00.05elapsed 99%CPU (0avgtext+0avgdata 99472maxresident)k
0inputs+16outputs (0major+27124minor)pagefaults 0swaps
