		     \||||||||||||||||||/
		   --- Welcome to Maude ---
		     /||||||||||||||||||\
	     Maude 3.0 built: Mar 15 2020 23:55:47
	     Copyright 1997-2019 SRI International
		   Wed Apr 10 17:23:00 2024
Advisory: redefining module BOOLEAN.
Advisory: redefining module INTEGER.
Advisory: redefining module REAL.
Advisory: redefining module REAL-INTEGER.
==========================================
reduce in SMT-CHECK : smtCheck(1/1 < 1/1, false) .
rewrites: 1 in 0ms cpu (0ms real) (~ rewrites/second)
result Bool: (false).Bool
==========================================
srewrite in REPORTER : appExt using ample ; fail .

No solution.
rewrites: 9687401 in 1063440ms cpu (1063437ms real) (9109 rewrites/second)
Bye.
1060.45user 4.81system 17:45.28elapsed 99%CPU (0avgtext+0avgdata 1406960maxresident)k
16inputs+16outputs (0major+352187minor)pagefaults 0swaps
