		     \||||||||||||||||||/
		   --- Welcome to Maude ---
		     /||||||||||||||||||\
	     Maude 3.0 built: Mar 15 2020 23:55:47
	     Copyright 1997-2019 SRI International
		   Fri Apr  5 15:36:18 2024
Advisory: redefining module BOOLEAN.
Advisory: redefining module INTEGER.
Advisory: redefining module REAL.
Advisory: redefining module REAL-INTEGER.
==========================================
reduce in SMT-CHECK : smtCheck(1/1 < 1/1, false) .
rewrites: 1 in 0ms cpu (0ms real) (~ rewrites/second)
result Bool: (false).Bool
==========================================
srewrite in REPORTER : appExt using porStep * ; fail .

No solution.
rewrites: 2972937 in 313964ms cpu (313964ms real) (9469 rewrites/second)
Bye.
315.69user 0.16system 5:15.86elapsed 99%CPU (0avgtext+0avgdata 352560maxresident)k
0inputs+16outputs (0major+92242minor)pagefaults 0swaps
