		     \||||||||||||||||||/
		   --- Welcome to Maude ---
		     /||||||||||||||||||\
	     Maude 3.0 built: Mar 15 2020 23:55:47
	     Copyright 1997-2019 SRI International
		   Mon Apr 15 17:29:06 2024
Advisory: redefining module BOOLEAN.
Advisory: redefining module INTEGER.
Advisory: redefining module REAL.
Advisory: redefining module REAL-INTEGER.
==========================================
reduce in SMT-CHECK : smtCheck(1/1 < 1/1, false) .
rewrites: 1 in 0ms cpu (0ms real) (~ rewrites/second)
result Bool: (false).Bool
==========================================
reduce in REPORTER : counter(0, metaSrewrite(upModule('POR, false), upTerm(
    appExt), 'internal[[empty]], breadthFirst, 0)) .
rewrites: 14528304 in 146188ms cpu (146189ms real) (99380 rewrites/second)
result NzNat: (6176).NzNat
Bye.
147.99user 0.06system 2:28.07elapsed 99%CPU (0avgtext+0avgdata 110168maxresident)k
0inputs+16outputs (0major+31454minor)pagefaults 0swaps
