PLCverif    by CERN BE-ICS-AP, (c) 2013-2019
   CLI version: 1.0.0.202012152221
--------------------------------------------
Arguments: benchmark/plcverif/cmd/workspace2/benchmark13/req1.vc3
Program directory: /home/jlee/plc-release/benchmark/plcverif/cmd
Warning: CBMC reported that the given requirement is satisfied. However, take into account that CBMC performs bounded model checking with a limited bound, thus it may not find violations which require many execution cycles to reach. [CBMC output parsing]

Requirement: *(instance.DiagCode &lt; 50000)* is always true at the end of the PLC cycle.
             (AG (EoC --> (instance/DiagCode < 50000)))

**Result: the requirement is SATISFIED**

Backend: CbmcBackend
Parameters: 
Input bindings: 



Stages
------
* Parsing source code (0 ms): Successful
* Control-flow declaration generation (1325 ms): Successful
* Requirement representation (96 ms): Successful
* Reductions (CFD) (113 ms): Successful
* Model preparation (101 ms): Successful
* CBMC model building (125 ms): Successful
* CBMC execution (6204 ms): Successful
* CBMC output parsing (0 ms): Successful
    - [Warning] CBMC reported that the given requirement is satisfied. However, take into account that CBMC performs bounded model checking with a limited bound, thus it may not find violations which require many execution cycles to reach.
* Result diagnosis (0 ms): Successful
* Reporting (0 ms): Unknown

Settings
--------
  -description = ""
  -id = req1
  -job = verif
  -job.backend = cbmc
  -job.backend.binary_path = tools/cbmc-5-11-linux-64/cbmc
  -job.backend.exec_output_to_console = false
  -job.backend.exec_output_to_file = false
  -job.backend.model_variant = CFD
  -job.backend.timeout = 7200
  -job.backend.timeout_executor_path = ""
  -job.backend.unwind = 5
  -job.backend.verbosity = 7
  -job.reporters.0 = summary
  -job.reporters.1 = html
  -job.reporters.1.hide_internal_variables = true
  -job.reporters.1.include_settings = true
  -job.reporters.1.include_stack_trace = false
  -job.reporters.1.min_log_level = Warning
  -job.reporters.1.show_logitem_timestapms = false
  -job.reporters.1.show_verification_console_output = true
  -job.reporters.1.use_lf_value_representation = false
  -job.reporters.2 = plaintext
  -job.reporters.2.include_settings = true
  -job.reporters.2.max_output_length = 1000
  -job.reporters.2.min_log_level = Warning
  -job.reporters.2.show_logitem_timestapms = false
  -job.reporters.2.write_to_console = true
  -job.reporters.2.write_to_file = true
  -job.req = pattern
  -job.req.inputs.0 = instance.Activate
  -job.req.inputs.1 = instance.S_ChannelNC
  -job.req.inputs.2 = instance.S_ChannelNO
  -job.req.pattern_id = pattern-invariant
  -job.req.pattern_params.1 = "(instance.DiagCode < 50000)"
  -lf = step7
  -lf.compiler = Step7v55
  -lf.entry = Main
  -name = ""
  -output = benchmark/plcverif/cmd/workspace2/benchmark13/output
  -reductions.0 = basic_reductions
  -reductions.0.ExpressionPropagation_maxage = 50
  -reductions.0.ExpressionPropagation_maxexprsize = 100
  -reductions.0.ExpressionPropagation_maxlocations = 50000
  -reductions.0.fine_logging = false
  -reductions.0.print_vardep_graph = false
  -reductions.0.show_progress = false
  -sourcefiles.0 = benchmark/plcverif/cmd/workspace2/benchmark13/benchmark13.scl

Console output
--------------
STDOUT

CBMC version 5.11 (cbmc-5.11) 64-bit x86_64 linux
Parsing /home/jlee/plc-release/benchmark/plcverif/cmd/workspace2/benchmark13/output/req1.c
Converting
Type-checking req1
Generating GOTO Program
Adding CPROVER library (x86_64)
Removal of function pointers and virtual functions
Generic Property Instrumentation
Running with 8 object bits, 56 offset bits (default)
Starting Bounded Model Checking
Passing problem to propositional reduction
converting SSA
Running propositional reduction
8267 variables, 38290 clauses
SAT checker inconsistent: instance is UNSATISFIABLE
Runtime decision procedure: 0.358638s

** Results:
/home/jlee/plc-release/benchmark/plcverif/cmd/workspace2/benchmark13/output/req1.c function VerificationLoop
[VerificationLoop.assertion.1] line 456 assertion (!(EoC) || (instance.DiagCode < 50000)): SUCCESS

** 0 of 1 failed (1 iteration)
VERIFICATION SUCCESSFUL


15.58user 0.58system 0:12.59elapsed 128%CPU (0avgtext+0avgdata 412904maxresident)k
40inputs+1120outputs (0major+175525minor)pagefaults 0swaps
