PLCverif    by CERN BE-ICS-AP, (c) 2013-2019
   CLI version: 1.0.0.202012152221
--------------------------------------------
Arguments: benchmark/plcverif/cmd/workspace2/benchmark16/req3.vc3
Program directory: /home/jlee/plc-release/benchmark/plcverif/cmd
Warning: CBMC reported that the given requirement is satisfied. However, take into account that CBMC performs bounded model checking with a limited bound, thus it may not find violations which require many execution cycles to reach. [CBMC output parsing]

Requirement: *(NOT instance.S_SafeMoveAxis1)* is always true at the end of the PLC cycle.
             (AG (EoC --> (! instance/S_SafeMoveAxis1)))

**Result: the requirement is SATISFIED**

Backend: CbmcBackend
Parameters: 
Input bindings: 



Stages
------
* Parsing source code (0 ms): Successful
* Control-flow declaration generation (3543 ms): Successful
* Requirement representation (96 ms): Successful
* Reductions (CFD) (364 ms): Successful
* Model preparation (161 ms): Successful
* CBMC model building (220 ms): Successful
* CBMC execution (1807272 ms): Successful
* CBMC output parsing (1 ms): Successful
    - [Warning] CBMC reported that the given requirement is satisfied. However, take into account that CBMC performs bounded model checking with a limited bound, thus it may not find violations which require many execution cycles to reach.
* Result diagnosis (1 ms): Successful
* Reporting (0 ms): Unknown

Settings
--------
  -description = ""
  -id = req3
  -job = verif
  -job.backend = cbmc
  -job.backend.binary_path = tools/cbmc-5-11-linux-64/cbmc
  -job.backend.exec_output_to_console = false
  -job.backend.exec_output_to_file = false
  -job.backend.model_variant = CFD
  -job.backend.timeout = 7200
  -job.backend.timeout_executor_path = ""
  -job.backend.unwind = 5
  -job.backend.verbosity = 7
  -job.reporters.0 = summary
  -job.reporters.1 = html
  -job.reporters.1.hide_internal_variables = true
  -job.reporters.1.include_settings = true
  -job.reporters.1.include_stack_trace = false
  -job.reporters.1.min_log_level = Warning
  -job.reporters.1.show_logitem_timestapms = false
  -job.reporters.1.show_verification_console_output = true
  -job.reporters.1.use_lf_value_representation = false
  -job.reporters.2 = plaintext
  -job.reporters.2.include_settings = true
  -job.reporters.2.max_output_length = 1000
  -job.reporters.2.min_log_level = Warning
  -job.reporters.2.show_logitem_timestapms = false
  -job.reporters.2.write_to_console = true
  -job.reporters.2.write_to_file = true
  -job.req = pattern
  -job.req.inputs.0 = instance.S1_S_EStopIn
  -job.req.pattern_id = pattern-invariant
  -job.req.pattern_params.1 = "(NOT instance.S_SafeMoveAxis1)"
  -lf = step7
  -lf.compiler = Step7v55
  -lf.entry = Main
  -name = ""
  -output = benchmark/plcverif/cmd/workspace2/benchmark16/output
  -reductions.0 = basic_reductions
  -reductions.0.ExpressionPropagation_maxage = 50
  -reductions.0.ExpressionPropagation_maxexprsize = 100
  -reductions.0.ExpressionPropagation_maxlocations = 50000
  -reductions.0.fine_logging = false
  -reductions.0.print_vardep_graph = false
  -reductions.0.show_progress = false
  -sourcefiles.0 = benchmark/plcverif/cmd/workspace2/benchmark16/benchmark16.scl
  -sourcefiles.1 = benchmark/plcverif/cmd/workspace2/benchmark16/plcopen.scl

Console output
--------------
STDOUT

CBMC version 5.11 (cbmc-5.11) 64-bit x86_64 linux
Parsing /home/jlee/plc-release/benchmark/plcverif/cmd/workspace2/benchmark16/output/req3.c
Converting
Type-checking req3
Generating GOTO Program
Adding CPROVER library (x86_64)
Removal of function pointers and virtual functions
Generic Property Instrumentation
Running with 8 object bits, 56 offset bits (default)
Starting Bounded Model Checking
Passing problem to propositional reduction
converting SSA
Running propositional reduction
101297 variables, 609425 clauses
SAT checker inconsistent: instance is UNSATISFIABLE
Runtime decision procedure: 94.7364s

** Results:
/home/jlee/plc-release/benchmark/plcverif/cmd/workspace2/benchmark16/output/req3.c function VerificationLoop
[VerificationLoop.assertion.1] line 3383 assertion (!(EoC) || (! instance.S_SafeMoveAxis1)): SUCCESS

** 0 of 1 failed (1 iteration)
VERIFICATION SUCCESSFUL


1830.39user 4.32system 30:15.12elapsed 101%CPU (0avgtext+0avgdata 912500maxresident)k
928inputs+4336outputs (0major+460132minor)pagefaults 0swaps
