PLCverif    by CERN BE-ICS-AP, (c) 2013-2019
   CLI version: 1.0.0.202012152221
--------------------------------------------
Arguments: benchmark/plcverif/cmd/workspace2/benchmark2/req3.vc3
Program directory: /home/jlee/plc-release/benchmark/plcverif/cmd
Warning: CBMC reported that the given requirement is satisfied. However, take into account that CBMC performs bounded model checking with a limited bound, thus it may not find violations which require many execution cycles to reach. [CBMC output parsing]

Requirement: *(instance.M = instance.N)* is always true at the end of the PLC cycle.
             (AG (EoC --> (instance/M = instance/N)))

**Result: the requirement is SATISFIED**

Backend: CbmcBackend
Parameters: 
Input bindings: 



Stages
------
* Parsing source code (8 ms): Successful
* Control-flow declaration generation (888 ms): Successful
* Requirement representation (55 ms): Successful
* Reductions (CFD) (26 ms): Successful
* Model preparation (28 ms): Successful
* CBMC model building (27 ms): Successful
* CBMC execution (115 ms): Successful
* CBMC output parsing (1 ms): Successful
    - [Warning] CBMC reported that the given requirement is satisfied. However, take into account that CBMC performs bounded model checking with a limited bound, thus it may not find violations which require many execution cycles to reach.
* Result diagnosis (1 ms): Successful
* Reporting (0 ms): Unknown

Settings
--------
  -description = ""
  -id = req3
  -job = verif
  -job.backend = cbmc
  -job.backend.binary_path = tools/cbmc-5-11-linux-64/cbmc
  -job.backend.exec_output_to_console = false
  -job.backend.exec_output_to_file = false
  -job.backend.model_variant = CFD
  -job.backend.timeout = 7200
  -job.backend.timeout_executor_path = ""
  -job.backend.unwind = 5
  -job.backend.verbosity = 7
  -job.reporters.0 = summary
  -job.reporters.1 = html
  -job.reporters.1.hide_internal_variables = true
  -job.reporters.1.include_settings = true
  -job.reporters.1.include_stack_trace = false
  -job.reporters.1.min_log_level = Warning
  -job.reporters.1.show_logitem_timestapms = false
  -job.reporters.1.show_verification_console_output = true
  -job.reporters.1.use_lf_value_representation = false
  -job.reporters.2 = plaintext
  -job.reporters.2.include_settings = true
  -job.reporters.2.max_output_length = 1000
  -job.reporters.2.min_log_level = Warning
  -job.reporters.2.show_logitem_timestapms = false
  -job.reporters.2.write_to_console = true
  -job.reporters.2.write_to_file = true
  -job.req = pattern
  -job.req.pattern_id = pattern-invariant
  -job.req.pattern_params.1 = "(instance.M = instance.N)"
  -lf = step7
  -lf.compiler = Step7v55
  -lf.entry = Main
  -name = ""
  -output = benchmark/plcverif/cmd/workspace2/benchmark2/output
  -reductions.0 = basic_reductions
  -reductions.0.ExpressionPropagation_maxage = 50
  -reductions.0.ExpressionPropagation_maxexprsize = 100
  -reductions.0.ExpressionPropagation_maxlocations = 50000
  -reductions.0.fine_logging = false
  -reductions.0.print_vardep_graph = false
  -reductions.0.show_progress = false
  -sourcefiles.0 = benchmark/plcverif/cmd/workspace2/benchmark2/benchmark2.scl

Console output
--------------
STDOUT

CBMC version 5.11 (cbmc-5.11) 64-bit x86_64 linux
Parsing /home/jlee/plc-release/benchmark/plcverif/cmd/workspace2/benchmark2/output/req3.c
Converting
Type-checking req3
Generating GOTO Program
Adding CPROVER library (x86_64)
Removal of function pointers and virtual functions
Generic Property Instrumentation
Running with 8 object bits, 56 offset bits (default)
Starting Bounded Model Checking
VERIFICATION SUCCESSFUL


9.93user 0.57system 0:05.96elapsed 176%CPU (0avgtext+0avgdata 417132maxresident)k
16inputs+1000outputs (0major+158723minor)pagefaults 0swaps
