PLCverif    by CERN BE-ICS-AP, (c) 2013-2019
   CLI version: 1.0.0.202012152221
--------------------------------------------
Arguments: benchmark/plcverif/cmd/workspace2/benchmark4/req5.vc3
Program directory: /home/jlee/plc-release/benchmark/plcverif/cmd
Warning: Make sure to check whether the counterexample is valid. In rare cases, due to the partial loop unfolding in CBMC, the reported counterexample may not be realizable in the original program. [CBMC output parsing]

Requirement: *(instance.STACKOUT > 0)* is always true at the end of the PLC cycle.
             (AG (EoC --> (instance/STACKOUT > 0)))

**Result: the requirement is VIOLATED**

Backend: CbmcBackend
Parameters: 
Input bindings: 


Counterexample/witness:
Step 1
  - instance/STACKOUT = 0 (instance.STACKOUT = 0)
  - instance/STACK_INT_FB/STK[3] = 0 (instance.STACK_INT_FB.STK[3] = 0)
  - LIMIT/MN = 0 (LIMIT.MN = 0)
  - instance/STACK_INT_FB/STK[5] = 0 (instance.STACK_INT_FB.STK[5] = 0)
  - instance/STACK_INT_FB/R1 = false (instance.STACK_INT_FB.R1 = false)
  - EoC = true (EoC = true)
  - LIMIT/IN = 0 (LIMIT.IN = 0)
  - instance/STACK_INT_FB/PTR = 0 (instance.STACK_INT_FB.PTR = 0)
  - instance/STACKFULL = false (instance.STACKFULL = false)
  - instance/STACK_INT_FB/IN = 0 (instance.STACK_INT_FB.IN = 0)
  - instance/STACK_INT_FB/NI = 10 (instance.STACK_INT_FB.NI = 10)
  - instance/I1 = 0 (instance.I1 = 0)
  - instance/STACKSIZE = 0 (instance.STACKSIZE = 0)
  - LIMIT/MX = 0 (LIMIT.MX = 0)
  - instance/STACK_INT_FB/POP = false (instance.STACK_INT_FB.POP = false)
  - instance/B2 = false (instance.B2 = false)
  - instance/STACKEMPTY = false (instance.STACKEMPTY = false)
  - instance/STACK_INT_FB/STK[0] = 0 (instance.STACK_INT_FB.STK[0] = 0)
  - instance/STACK_INT_FB/STK[7] = 0 (instance.STACK_INT_FB.STK[7] = 0)
  - instance/STACK_INT_FB/PUSH = true (instance.STACK_INT_FB.PUSH = true)
  - instance/CYCLE = 1 (instance.CYCLE = 1)
  - instance/STACK_INT_FB/STK[6] = 0 (instance.STACK_INT_FB.STK[6] = 0)
  - instance/I3 = 0 (instance.I3 = 0)
  - instance/STACK_INT_FB/OFLO = false (instance.STACK_INT_FB.OFLO = false)
  - instance/I2 = 0 (instance.I2 = 0)
  - instance/STACK_INT_FB/STK[9] = 0 (instance.STACK_INT_FB.STK[9] = 0)
  - instance/STACK_INT_FB/STK[8] = 0 (instance.STACK_INT_FB.STK[8] = 0)
  - LIMIT/RET_VAL = 0 (LIMIT.RET_VAL = 0)
  - instance/STACK_INT_FB/OUT = 0 (instance.STACK_INT_FB.OUT = 0)
  - instance/STACK_INT_FB/STK[4] = 0 (instance.STACK_INT_FB.STK[4] = 0)
  - instance/I4 = 0 (instance.I4 = 0)
  - instance/STACK_INT_FB/STK[1] = 0 (instance.STACK_INT_FB.STK[1] = 0)
  - instance/STACK_INT_FB/EMPTY = false (instance.STACK_INT_FB.EMPTY = false)
  - instance/STACK_INT_FB/STK[2] = 0 (instance.STACK_INT_FB.STK[2] = 0)
  - instance/B1 = true (instance.B1 = true)
  - instance/STACK_INT_FB/N = 0 (instance.STACK_INT_FB.N = 0)
  - instance/B3 = false (instance.B3 = false)
  - instance/STACK_INT_FB/SIZE = 0 (instance.STACK_INT_FB.SIZE = 0)

Stages
------
* Parsing source code (0 ms): Successful
* Control-flow declaration generation (1184 ms): Successful
* Requirement representation (45 ms): Successful
* Reductions (CFD) (53 ms): Successful
* Model preparation (79 ms): Successful
* CBMC model building (103 ms): Successful
* CBMC execution (5113 ms): Successful
* CBMC output parsing (14 ms): Successful
    - [Warning] Make sure to check whether the counterexample is valid. In rare cases, due to the partial loop unfolding in CBMC, the reported counterexample may not be realizable in the original program.
* Result diagnosis (0 ms): Successful
* Reporting (0 ms): Unknown

Settings
--------
  -description = ""
  -id = req5
  -job = verif
  -job.backend = cbmc
  -job.backend.binary_path = tools/cbmc-5-11-linux-64/cbmc
  -job.backend.exec_output_to_console = false
  -job.backend.exec_output_to_file = false
  -job.backend.model_variant = CFD
  -job.backend.timeout = 7200
  -job.backend.timeout_executor_path = ""
  -job.backend.unwind = 5
  -job.backend.verbosity = 7
  -job.reporters.0 = summary
  -job.reporters.1 = html
  -job.reporters.1.hide_internal_variables = true
  -job.reporters.1.include_settings = true
  -job.reporters.1.include_stack_trace = false
  -job.reporters.1.min_log_level = Warning
  -job.reporters.1.show_logitem_timestapms = false
  -job.reporters.1.show_verification_console_output = true
  -job.reporters.1.use_lf_value_representation = false
  -job.reporters.2 = plaintext
  -job.reporters.2.include_settings = true
  -job.reporters.2.max_output_length = 1000
  -job.reporters.2.min_log_level = Warning
  -job.reporters.2.show_logitem_timestapms = false
  -job.reporters.2.write_to_console = true
  -job.reporters.2.write_to_file = true
  -job.req = pattern
  -job.req.inputs.0 = instance.I1
  -job.req.inputs.1 = instance.I2
  -job.req.inputs.2 = instance.I3
  -job.req.inputs.3 = instance.I4
  -job.req.inputs.4 = instance.B1
  -job.req.inputs.5 = instance.B2
  -job.req.inputs.6 = instance.B3
  -job.req.pattern_id = pattern-invariant
  -job.req.pattern_params.1 = "(instance.STACKOUT > 0)"
  -lf = step7
  -lf.compiler = Step7v55
  -lf.entry = Main
  -name = ""
  -output = benchmark/plcverif/cmd/workspace2/benchmark4/output
  -reductions.0 = basic_reductions
  -reductions.0.ExpressionPropagation_maxage = 50
  -reductions.0.ExpressionPropagation_maxexprsize = 100
  -reductions.0.ExpressionPropagation_maxlocations = 50000
  -reductions.0.fine_logging = false
  -reductions.0.print_vardep_graph = false
  -reductions.0.show_progress = false
  -sourcefiles.0 = benchmark/plcverif/cmd/workspace2/benchmark4/benchmark4.scl

Console output
--------------
STDOUT

CBMC version 5.11 (cbmc-5.11) 64-bit x86_64 linux
Parsing /home/jlee/plc-release/benchmark/plcverif/cmd/workspace2/benchmark4/output/req5.c
Converting
Type-checking req5
Generating GOTO Program
Adding CPROVER library (x86_64)
Removal of function pointers and virtual functions
Generic Property Instrumentation
Running with 8 object bits, 56 offset bits (default)
Starting Bounded Model Checking
Passing problem to propositional reduction
converting SSA
Running propositional reduction
73542 variables, 244564 clauses
SAT checker: instance is SATISFIABLE
Runtime decision procedure: 1.87798s

** Results:
/home/jlee/plc-release/benchmark/plcverif/cmd/workspace2/benchmark4/output/req5.c function VerificationLoop
[VerificationLoop.assertion.1] line 473 assertion (!(EoC) || (instance.STACKOUT > 0)): FAILURE

Trace for VerificationLoop.assertion.1:

State 21 file /home/jlee/plc-release/benchmark/plcverif/cmd/workspace2/benchmark4/output/req5.c function main line 488 thread 0
------------------[...]


15.20user 0.74system 0:10.02elapsed 159%CPU (0avgtext+0avgdata 413972maxresident)k
744inputs+1128outputs (0major+192555minor)pagefaults 0swaps
