PLCverif    by CERN BE-ICS-AP, (c) 2013-2019
   CLI version: 1.0.0.202012152221
--------------------------------------------
Arguments: benchmark/plcverif/cmd/workspace2/benchmark7/req1.vc3
Program directory: /home/jlee/plc-release/benchmark/plcverif/cmd
Warning: Make sure to check whether the counterexample is valid. In rare cases, due to the partial loop unfolding in CBMC, the reported counterexample may not be realizable in the original program. [CBMC output parsing]

Requirement: *(instance.OUT)* is always true at the end of the PLC cycle.
             (AG (EoC --> instance/OUT))

**Result: the requirement is VIOLATED**

Backend: CbmcBackend
Parameters: 
Input bindings: 


Counterexample/witness:
Step 1
  - instance/CMP2/EQ = true (instance.CMP2.EQ = true)
  - EoC = true (EoC = true)
  - instance/CMP4/IN2 = 0 (instance.CMP4.IN2 = 0)
  - instance/CMP7/QT = false (instance.CMP7.QT = false)
  - instance/CMP1/LT = false (instance.CMP1.LT = false)
  - instance/CMP5/QT = false (instance.CMP5.QT = false)
  - instance/CMP3/IN1 = 0 (instance.CMP3.IN1 = 0)
  - instance/INPUT7 = 0 (instance.INPUT7 = 0)
  - instance/CMP2/IN2 = 0 (instance.CMP2.IN2 = 0)
  - instance/CYCLE = 1 (instance.CYCLE = 1)
  - instance/INPUT1 = 0 (instance.INPUT1 = 0)
  - instance/CMP2/LT = false (instance.CMP2.LT = false)
  - instance/CMP1/EQ = true (instance.CMP1.EQ = true)
  - instance/INPUT2 = 0 (instance.INPUT2 = 0)
  - instance/CMP6/LT = false (instance.CMP6.LT = false)
  - instance/CMP3/IN2 = 0 (instance.CMP3.IN2 = 0)
  - instance/CMP2/QT = false (instance.CMP2.QT = false)
  - instance/CMP7/EQ = true (instance.CMP7.EQ = true)
  - instance/INPUT5 = 0 (instance.INPUT5 = 0)
  - instance/CMP7/LT = false (instance.CMP7.LT = false)
  - instance/CMP5/IN1 = 0 (instance.CMP5.IN1 = 0)
  - instance/OUT = false (instance.OUT = false)
  - instance/CMP6/IN2 = 0 (instance.CMP6.IN2 = 0)
  - instance/CMP5/LT = false (instance.CMP5.LT = false)
  - instance/CMP6/QT = false (instance.CMP6.QT = false)
  - instance/CMP4/LT = false (instance.CMP4.LT = false)
  - instance/CMP3/QT = false (instance.CMP3.QT = false)
  - instance/CMP1/IN2 = 0 (instance.CMP1.IN2 = 0)
  - instance/CMP7/IN1 = 0 (instance.CMP7.IN1 = 0)
  - instance/CMP1/QT = false (instance.CMP1.QT = false)
  - instance/CMP4/EQ = true (instance.CMP4.EQ = true)
  - instance/CMP5/EQ = true (instance.CMP5.EQ = true)
  - instance/CMP6/EQ = true (instance.CMP6.EQ = true)
  - instance/INPUT4 = 0 (instance.INPUT4 = 0)
  - instance/INPUT3 = 0 (instance.INPUT3 = 0)
  - instance/CMP3/EQ = true (instance.CMP3.EQ = true)
  - instance/INPUT6 = 0 (instance.INPUT6 = 0)
  - instance/CMP3/LT = false (instance.CMP3.LT = false)
  - instance/CMP4/IN1 = 0 (instance.CMP4.IN1 = 0)
  - instance/CMP7/IN2 = 0 (instance.CMP7.IN2 = 0)
  - instance/CMP5/IN2 = 0 (instance.CMP5.IN2 = 0)
  - instance/CMP2/IN1 = 0 (instance.CMP2.IN1 = 0)
  - instance/CMP1/IN1 = 0 (instance.CMP1.IN1 = 0)
  - instance/CMP4/QT = false (instance.CMP4.QT = false)
  - instance/CMP6/IN1 = 0 (instance.CMP6.IN1 = 0)

Stages
------
* Parsing source code (5 ms): Successful
* Control-flow declaration generation (969 ms): Successful
* Requirement representation (78 ms): Successful
* Reductions (CFD) (34 ms): Successful
* Model preparation (37 ms): Successful
* CBMC model building (88 ms): Successful
* CBMC execution (455 ms): Successful
* CBMC output parsing (13 ms): Successful
    - [Warning] Make sure to check whether the counterexample is valid. In rare cases, due to the partial loop unfolding in CBMC, the reported counterexample may not be realizable in the original program.
* Result diagnosis (0 ms): Successful
* Reporting (0 ms): Unknown

Settings
--------
  -description = ""
  -id = req1
  -job = verif
  -job.backend = cbmc
  -job.backend.binary_path = tools/cbmc-5-11-linux-64/cbmc
  -job.backend.exec_output_to_console = false
  -job.backend.exec_output_to_file = false
  -job.backend.model_variant = CFD
  -job.backend.timeout = 7200
  -job.backend.timeout_executor_path = ""
  -job.backend.unwind = 5
  -job.backend.verbosity = 7
  -job.reporters.0 = summary
  -job.reporters.1 = html
  -job.reporters.1.hide_internal_variables = true
  -job.reporters.1.include_settings = true
  -job.reporters.1.include_stack_trace = false
  -job.reporters.1.min_log_level = Warning
  -job.reporters.1.show_logitem_timestapms = false
  -job.reporters.1.show_verification_console_output = true
  -job.reporters.1.use_lf_value_representation = false
  -job.reporters.2 = plaintext
  -job.reporters.2.include_settings = true
  -job.reporters.2.max_output_length = 1000
  -job.reporters.2.min_log_level = Warning
  -job.reporters.2.show_logitem_timestapms = false
  -job.reporters.2.write_to_console = true
  -job.reporters.2.write_to_file = true
  -job.req = pattern
  -job.req.pattern_id = pattern-invariant
  -job.req.pattern_params.1 = (instance.OUT)
  -lf = step7
  -lf.compiler = Step7v55
  -lf.entry = Main
  -name = ""
  -output = benchmark/plcverif/cmd/workspace2/benchmark7/output
  -reductions.0 = basic_reductions
  -reductions.0.ExpressionPropagation_maxage = 50
  -reductions.0.ExpressionPropagation_maxexprsize = 100
  -reductions.0.ExpressionPropagation_maxlocations = 50000
  -reductions.0.fine_logging = false
  -reductions.0.print_vardep_graph = false
  -reductions.0.show_progress = false
  -sourcefiles.0 = benchmark/plcverif/cmd/workspace2/benchmark7/benchmark7.scl

Console output
--------------
STDOUT

CBMC version 5.11 (cbmc-5.11) 64-bit x86_64 linux
Parsing /home/jlee/plc-release/benchmark/plcverif/cmd/workspace2/benchmark7/output/req1.c
Converting
Type-checking req1
Generating GOTO Program
Adding CPROVER library (x86_64)
Removal of function pointers and virtual functions
Generic Property Instrumentation
Running with 8 object bits, 56 offset bits (default)
Starting Bounded Model Checking
Passing problem to propositional reduction
converting SSA
Running propositional reduction
2638 variables, 2611 clauses
SAT checker: instance is SATISFIABLE
Runtime decision procedure: 0.0274021s

** Results:
/home/jlee/plc-release/benchmark/plcverif/cmd/workspace2/benchmark7/output/req1.c function VerificationLoop
[VerificationLoop.assertion.1] line 219 assertion (!(EoC) || instance.OUT): FAILURE

Trace for VerificationLoop.assertion.1:

State 20 file /home/jlee/plc-release/benchmark/plcverif/cmd/workspace2/benchmark7/output/req1.c function main line 234 thread 0
------------------------------[...]


11.91user 0.75system 0:05.52elapsed 229%CPU (0avgtext+0avgdata 427916maxresident)k
24inputs+1072outputs (0major+172463minor)pagefaults 0swaps
