		     \||||||||||||||||||/
		   --- Welcome to Maude ---
		     /||||||||||||||||||\
	     Maude 3.0 built: Mar 15 2020 23:55:47
	     Copyright 1997-2019 SRI International
		   Mon Jul  1 19:29:05 2024
Advisory: redefining module BOOLEAN.
Advisory: redefining module INTEGER.
Advisory: redefining module REAL.
Advisory: redefining module REAL-INTEGER.
==========================================
reduce in SMT-CHECK : smtCheck(1/1 < 1/1, false) .
rewrites: 1 in 0ms cpu (0ms real) (~ rewrites/second)
result Bool: (false).Bool
==========================================
srewrite in REPORTER : appExt using internal ; fail .

No solution.
rewrites: 623710 in 706992ms cpu (706993ms real) (882 rewrites/second)
Bye.
709.80user 0.11system 11:49.91elapsed 99%CPU (0avgtext+0avgdata 110688maxresident)k
112inputs+16outputs (0major+42741minor)pagefaults 0swaps
