		     \||||||||||||||||||/
		   --- Welcome to Maude ---
		     /||||||||||||||||||\
	     Maude 3.0 built: Mar 15 2020 23:55:47
	     Copyright 1997-2019 SRI International
		   Mon Jul  1 19:34:33 2024
Advisory: redefining module BOOLEAN.
Advisory: redefining module INTEGER.
Advisory: redefining module REAL.
Advisory: redefining module REAL-INTEGER.
==========================================
reduce in SMT-CHECK : smtCheck(1/1 < 1/1, false) .
rewrites: 1 in 0ms cpu (0ms real) (~ rewrites/second)
result Bool: (false).Bool
==========================================
srewrite in REPORTER : appExt using ample ; fail .

No solution.
rewrites: 1554026 in 1974464ms cpu (1974465ms real) (787 rewrites/second)
Bye.
1977.27user 0.12system 32:57.41elapsed 99%CPU (0avgtext+0avgdata 153948maxresident)k
112inputs+16outputs (0major+40895minor)pagefaults 0swaps
