		     \||||||||||||||||||/
		   --- Welcome to Maude ---
		     /||||||||||||||||||\
	     Maude 3.0 built: Mar 15 2020 23:55:47
	     Copyright 1997-2019 SRI International
		   Mon Jul  1 19:31:49 2024
Advisory: redefining module BOOLEAN.
Advisory: redefining module INTEGER.
Advisory: redefining module REAL.
Advisory: redefining module REAL-INTEGER.
==========================================
reduce in SMT-CHECK : smtCheck(1/1 < 1/1, false) .
rewrites: 1 in 0ms cpu (0ms real) (~ rewrites/second)
result Bool: (false).Bool
==========================================
reduce in REPORTER : counter(0, metaSrewrite(upModule('POR, false), upTerm(
    appExt), 'noPor[[empty]], breadthFirst, 0)) .
rewrites: 453855500 in 4372980ms cpu (4372979ms real) (103786 rewrites/second)
result NzNat: (40795).NzNat
Bye.
4375.53user 0.31system 1:12:55elapsed 99%CPU (0avgtext+0avgdata 366312maxresident)k
112inputs+16outputs (0major+133038minor)pagefaults 0swaps
