		     \||||||||||||||||||/
		   --- Welcome to Maude ---
		     /||||||||||||||||||\
	     Maude 3.0 built: Mar 15 2020 23:55:47
	     Copyright 1997-2019 SRI International
		   Mon Jul  1 19:34:33 2024
Advisory: redefining module BOOLEAN.
Advisory: redefining module INTEGER.
Advisory: redefining module REAL.
Advisory: redefining module REAL-INTEGER.
==========================================
reduce in SMT-CHECK : smtCheck(1/1 < 1/1, false) .
rewrites: 1 in 0ms cpu (0ms real) (~ rewrites/second)
result Bool: (false).Bool
==========================================
srewrite in REPORTER : appExt using internal ; fail .

No solution.
rewrites: 88992 in 105620ms cpu (105620ms real) (842 rewrites/second)
Bye.
108.49user 0.06system 1:48.57elapsed 99%CPU (0avgtext+0avgdata 95420maxresident)k
112inputs+16outputs (0major+29590minor)pagefaults 0swaps
