		     \||||||||||||||||||/
		   --- Welcome to Maude ---
		     /||||||||||||||||||\
	     Maude 3.0 built: Mar 15 2020 23:55:47
	     Copyright 1997-2019 SRI International
		   Sat Apr 20 20:15:36 2024
Advisory: redefining module BOOLEAN.
Advisory: redefining module INTEGER.
Advisory: redefining module REAL.
Advisory: redefining module REAL-INTEGER.
==========================================
reduce in SMT-CHECK : smtCheck(1/1 < 1/1, false) .
rewrites: 1 in 0ms cpu (0ms real) (~ rewrites/second)
result Bool: (false).Bool
==========================================
srewrite in REPORTER : appExt using internal ; fail .

No solution.
rewrites: 2429404 in 613628ms cpu (613637ms real) (3959 rewrites/second)
Bye.
615.42user 0.07system 10:15.53elapsed 99%CPU (0avgtext+0avgdata 175016maxresident)k
16inputs+16outputs (0major+60037minor)pagefaults 0swaps
