		     \||||||||||||||||||/
		   --- Welcome to Maude ---
		     /||||||||||||||||||\
	     Maude 3.0 built: Mar 15 2020 23:55:47
	     Copyright 1997-2019 SRI International
		   Mon Apr 15 17:27:34 2024
Advisory: redefining module BOOLEAN.
Advisory: redefining module INTEGER.
Advisory: redefining module REAL.
Advisory: redefining module REAL-INTEGER.
==========================================
reduce in SMT-CHECK : smtCheck(1/1 < 1/1, false) .
rewrites: 1 in 0ms cpu (0ms real) (~ rewrites/second)
result Bool: (false).Bool
==========================================
reduce in REPORTER : counter(0, metaSrewrite(upModule('POR, false), upTerm(
    appExt), 'internal[[empty]], breadthFirst, 0)) .
rewrites: 1253475 in 14460ms cpu (14462ms real) (86685 rewrites/second)
result NzNat: (618).NzNat
Bye.
16.28user 0.03system 0:16.31elapsed 99%CPU (0avgtext+0avgdata 82280maxresident)k
0inputs+16outputs (0major+18842minor)pagefaults 0swaps
