		     \||||||||||||||||||/
		   --- Welcome to Maude ---
		     /||||||||||||||||||\
	     Maude 3.0 built: Mar 15 2020 23:55:47
	     Copyright 1997-2019 SRI International
		   Tue Apr  9 14:38:16 2024
Advisory: redefining module BOOLEAN.
Advisory: redefining module INTEGER.
Advisory: redefining module REAL.
Advisory: redefining module REAL-INTEGER.
==========================================
reduce in SMT-CHECK : smtCheck(1/1 < 1/1, false) .
rewrites: 1 in 0ms cpu (0ms real) (~ rewrites/second)
result Bool: (false).Bool
==========================================
srewrite in REPORTER : appExt using internal ; fail .

No solution.
rewrites: 5653659 in 596236ms cpu (596234ms real) (9482 rewrites/second)
Bye.
597.30user 0.84system 9:58.16elapsed 99%CPU (0avgtext+0avgdata 902388maxresident)k
16inputs+16outputs (0major+309108minor)pagefaults 0swaps
