		     \||||||||||||||||||/
		   --- Welcome to Maude ---
		     /||||||||||||||||||\
	     Maude 3.0 built: Mar 15 2020 23:55:47
	     Copyright 1997-2019 SRI International
		   Sat Apr 20 15:13:03 2024
Advisory: redefining module BOOLEAN.
Advisory: redefining module INTEGER.
Advisory: redefining module REAL.
Advisory: redefining module REAL-INTEGER.
==========================================
reduce in SMT-CHECK : smtCheck(1/1 < 1/1, false) .
rewrites: 1 in 0ms cpu (0ms real) (~ rewrites/second)
result Bool: (false).Bool
==========================================
reduce in REPORTER : counter(0, metaSrewrite(upModule('POR, false), upTerm(
    appExt), 'ample[[empty]], breadthFirst, 0)) .
rewrites: 9055278 in 108096ms cpu (108099ms real) (83770 rewrites/second)
result NzNat: (2921).NzNat
Bye.
109.87user 0.06system 1:49.94elapsed 99%CPU (0avgtext+0avgdata 97048maxresident)k
0inputs+16outputs (0major+22535minor)pagefaults 0swaps
