		     \||||||||||||||||||/
		   --- Welcome to Maude ---
		     /||||||||||||||||||\
	     Maude 3.0 built: Mar 15 2020 23:55:47
	     Copyright 1997-2019 SRI International
		   Mon Jul  1 19:29:05 2024
Advisory: redefining module BOOLEAN.
Advisory: redefining module INTEGER.
Advisory: redefining module REAL.
Advisory: redefining module REAL-INTEGER.
==========================================
reduce in SMT-CHECK : smtCheck(1/1 < 1/1, false) .
rewrites: 1 in 0ms cpu (0ms real) (~ rewrites/second)
result Bool: (false).Bool
==========================================
srewrite in REPORTER : appExt using internal ; fail .

No solution.
rewrites: 305883 in 342776ms cpu (342776ms real) (892 rewrites/second)
Bye.
345.66user 0.03system 5:45.71elapsed 99%CPU (0avgtext+0avgdata 95172maxresident)k
112inputs+16outputs (0major+26210minor)pagefaults 0swaps
