		     \||||||||||||||||||/
		   --- Welcome to Maude ---
		     /||||||||||||||||||\
	     Maude 3.0 built: Mar 15 2020 23:55:47
	     Copyright 1997-2019 SRI International
		   Fri Apr  5 16:39:59 2024
Advisory: redefining module BOOLEAN.
Advisory: redefining module INTEGER.
Advisory: redefining module REAL.
Advisory: redefining module REAL-INTEGER.
==========================================
reduce in SMT-CHECK : smtCheck(1/1 < 1/1, false) .
rewrites: 1 in 0ms cpu (0ms real) (~ rewrites/second)
result Bool: (false).Bool
==========================================
srewrite in POR : appExt using porStep * ; fail .

No solution.
rewrites: 1549380 in 302844ms cpu (302845ms real) (5116 rewrites/second)
Bye.
304.38user 0.21system 5:04.61elapsed 99%CPU (0avgtext+0avgdata 305308maxresident)k
16inputs+16outputs (0major+100544minor)pagefaults 0swaps
