		     \||||||||||||||||||/
		   --- Welcome to Maude ---
		     /||||||||||||||||||\
	     Maude 3.0 built: Mar 15 2020 23:55:47
	     Copyright 1997-2019 SRI International
		   Mon Jul  1 19:31:49 2024
Advisory: redefining module BOOLEAN.
Advisory: redefining module INTEGER.
Advisory: redefining module REAL.
Advisory: redefining module REAL-INTEGER.
==========================================
reduce in SMT-CHECK : smtCheck(1/1 < 1/1, false) .
rewrites: 1 in 0ms cpu (0ms real) (~ rewrites/second)
result Bool: (false).Bool
==========================================
reduce in REPORTER : counter(0, metaSrewrite(upModule('POR, false), upTerm(
    appExt), 'internal[[empty]], breadthFirst, 0)) .
rewrites: 29770917 in 266324ms cpu (266324ms real) (111784 rewrites/second)
result NzNat: (2676).NzNat
Bye.
269.16user 0.06system 4:29.23elapsed 99%CPU (0avgtext+0avgdata 133280maxresident)k
112inputs+16outputs (0major+35725minor)pagefaults 0swaps
