		     \||||||||||||||||||/
		   --- Welcome to Maude ---
		     /||||||||||||||||||\
	     Maude 3.0 built: Mar 15 2020 23:55:47
	     Copyright 1997-2019 SRI International
		   Mon Apr 15 20:47:14 2024
Advisory: redefining module BOOLEAN.
Advisory: redefining module INTEGER.
Advisory: redefining module REAL.
Advisory: redefining module REAL-INTEGER.
==========================================
reduce in SMT-CHECK : smtCheck(1/1 < 1/1, false) .
rewrites: 1 in 0ms cpu (0ms real) (~ rewrites/second)
result Bool: (false).Bool
==========================================
srewrite in REPORTER : appExt using ample ; fail .

No solution.
rewrites: 455447 in 82344ms cpu (82344ms real) (5531 rewrites/second)
Bye.
84.12user 0.07system 1:24.21elapsed 99%CPU (0avgtext+0avgdata 86152maxresident)k
16inputs+16outputs (0major+38810minor)pagefaults 0swaps
