		     \||||||||||||||||||/
		   --- Welcome to Maude ---
		     /||||||||||||||||||\
	     Maude 3.0 built: Mar 15 2020 23:55:47
	     Copyright 1997-2019 SRI International
		   Tue Apr  9 14:40:51 2024
Advisory: redefining module BOOLEAN.
Advisory: redefining module INTEGER.
Advisory: redefining module REAL.
Advisory: redefining module REAL-INTEGER.
==========================================
reduce in SMT-CHECK : smtCheck(1/1 < 1/1, false) .
rewrites: 1 in 0ms cpu (0ms real) (~ rewrites/second)
result Bool: (false).Bool
==========================================
srewrite in REPORTER : appExt using internal ; fail .

No solution.
rewrites: 13373168 in 3075400ms cpu (3075398ms real) (4348 rewrites/second)
Bye.
3064.77user 12.58system 51:17.38elapsed 99%CPU (0avgtext+0avgdata 2757088maxresident)k
16inputs+16outputs (0major+737216minor)pagefaults 0swaps
