		     \||||||||||||||||||/
		   --- Welcome to Maude ---
		     /||||||||||||||||||\
	     Maude 3.0 built: Mar 15 2020 23:55:47
	     Copyright 1997-2019 SRI International
		   Fri Apr  5 15:36:18 2024
Advisory: redefining module BOOLEAN.
Advisory: redefining module INTEGER.
Advisory: redefining module REAL.
Advisory: redefining module REAL-INTEGER.
==========================================
reduce in SMT-CHECK : smtCheck(1/1 < 1/1, false) .
rewrites: 1 in 0ms cpu (0ms real) (~ rewrites/second)
result Bool: (false).Bool
==========================================
srewrite in POR : appExt using porStep * ; fail .

No solution.
rewrites: 9124270 in 1209912ms cpu (1209912ms real) (7541 rewrites/second)
Bye.
1207.17user 4.62system 20:11.80elapsed 99%CPU (0avgtext+0avgdata 1314208maxresident)k
0inputs+16outputs (0major+338986minor)pagefaults 0swaps
