		     \||||||||||||||||||/
		   --- Welcome to Maude ---
		     /||||||||||||||||||\
	     Maude 3.0 built: Mar 15 2020 23:55:47
	     Copyright 1997-2019 SRI International
		   Fri Apr  5 16:39:59 2024
Advisory: redefining module BOOLEAN.
Advisory: redefining module INTEGER.
Advisory: redefining module REAL.
Advisory: redefining module REAL-INTEGER.
==========================================
reduce in SMT-CHECK : smtCheck(1/1 < 1/1, false) .
rewrites: 1 in 0ms cpu (0ms real) (~ rewrites/second)
result Bool: (false).Bool
==========================================
srewrite in POR : appExt using porStep * ; fail .

No solution.
rewrites: 11000586 in 2537608ms cpu (2537609ms real) (4335 rewrites/second)
Bye.
2537.15user 2.34system 42:19.55elapsed 99%CPU (0avgtext+0avgdata 2172384maxresident)k
16inputs+16outputs (0major+552423minor)pagefaults 0swaps
