		     \||||||||||||||||||/
		   --- Welcome to Maude ---
		     /||||||||||||||||||\
	     Maude 3.0 built: Mar 15 2020 23:55:47
	     Copyright 1997-2019 SRI International
		   Tue Apr  9 14:40:51 2024
Advisory: redefining module BOOLEAN.
Advisory: redefining module INTEGER.
Advisory: redefining module REAL.
Advisory: redefining module REAL-INTEGER.
==========================================
reduce in SMT-CHECK : smtCheck(1/1 < 1/1, false) .
rewrites: 1 in 0ms cpu (0ms real) (~ rewrites/second)
result Bool: (false).Bool
==========================================
srewrite in REPORTER : appExt using internal ; fail .

No solution.
rewrites: 6175786 in 1291444ms cpu (1291443ms real) (4782 rewrites/second)
Bye.
1289.95user 3.39system 21:33.36elapsed 99%CPU (0avgtext+0avgdata 1202336maxresident)k
16inputs+16outputs (0major+324805minor)pagefaults 0swaps
