		     \||||||||||||||||||/
		   --- Welcome to Maude ---
		     /||||||||||||||||||\
	     Maude 3.0 built: Mar 15 2020 23:55:47
	     Copyright 1997-2019 SRI International
		   Sat Apr 20 15:12:18 2024
Advisory: redefining module BOOLEAN.
Advisory: redefining module INTEGER.
Advisory: redefining module REAL.
Advisory: redefining module REAL-INTEGER.
==========================================
reduce in SMT-CHECK : smtCheck(1/1 < 1/1, false) .
rewrites: 1 in 0ms cpu (0ms real) (~ rewrites/second)
result Bool: (false).Bool
==========================================
reduce in REPORTER : counter(0, metaSrewrite(upModule('POR, false), upTerm(
    appExt), 'internal[[empty]], breadthFirst, 0)) .
rewrites: 73566528 in 847988ms cpu (847990ms real) (86754 rewrites/second)
result NzNat: (24383).NzNat
Bye.
849.74user 0.09system 14:09.86elapsed 99%CPU (0avgtext+0avgdata 167460maxresident)k
0inputs+16outputs (0major+40362minor)pagefaults 0swaps
