		     \||||||||||||||||||/
		   --- Welcome to Maude ---
		     /||||||||||||||||||\
	     Maude 3.0 built: Mar 15 2020 23:55:47
	     Copyright 1997-2019 SRI International
		   Mon Jul  1 19:31:49 2024
Advisory: redefining module BOOLEAN.
Advisory: redefining module INTEGER.
Advisory: redefining module REAL.
Advisory: redefining module REAL-INTEGER.
==========================================
reduce in SMT-CHECK : smtCheck(1/1 < 1/1, false) .
rewrites: 1 in 0ms cpu (0ms real) (~ rewrites/second)
result Bool: (false).Bool
==========================================
reduce in REPORTER : counter(0, metaSrewrite(upModule('POR, false), upTerm(
    appExt), 'noPor[[empty]], breadthFirst, 0)) .
rewrites: 29770917 in 299452ms cpu (299453ms real) (99417 rewrites/second)
result NzNat: (2676).NzNat
Bye.
302.29user 0.05system 5:02.36elapsed 99%CPU (0avgtext+0avgdata 116720maxresident)k
152inputs+16outputs (0major+31600minor)pagefaults 0swaps
