		     \||||||||||||||||||/
		   --- Welcome to Maude ---
		     /||||||||||||||||||\
	     Maude 3.0 built: Mar 15 2020 23:55:47
	     Copyright 1997-2019 SRI International
		   Wed Apr 10 17:36:34 2024
Advisory: redefining module BOOLEAN.
Advisory: redefining module INTEGER.
Advisory: redefining module REAL.
Advisory: redefining module REAL-INTEGER.
==========================================
reduce in SMT-CHECK : smtCheck(1/1 < 1/1, false) .
rewrites: 1 in 0ms cpu (0ms real) (~ rewrites/second)
result Bool: (false).Bool
==========================================
reduce in REPORTER : counter(0, metaSrewrite(upModule('POR, false), upTerm(
    appExt), 'internal[[empty]], breadthFirst, 0)) .
rewrites: 206488463 in 2861980ms cpu (2862024ms real) (72148 rewrites/second)
result NzNat: (101868).NzNat
Bye.
2862.27user 1.41system 47:43.79elapsed 99%CPU (0avgtext+0avgdata 1275156maxresident)k
96inputs+16outputs (0major+334250minor)pagefaults 0swaps
