		     \||||||||||||||||||/
		   --- Welcome to Maude ---
		     /||||||||||||||||||\
	     Maude 3.0 built: Mar 15 2020 23:55:47
	     Copyright 1997-2019 SRI International
		   Sat Apr 20 15:13:03 2024
Advisory: redefining module BOOLEAN.
Advisory: redefining module INTEGER.
Advisory: redefining module REAL.
Advisory: redefining module REAL-INTEGER.
==========================================
reduce in SMT-CHECK : smtCheck(1/1 < 1/1, false) .
rewrites: 1 in 0ms cpu (0ms real) (~ rewrites/second)
result Bool: (false).Bool
==========================================
reduce in REPORTER : counter(0, metaSrewrite(upModule('POR, false), upTerm(
    appExt), 'noPor[[empty]], breadthFirst, 0)) .
rewrites: 756877628 in 10013424ms cpu (10013423ms real) (75586 rewrites/second)
result NzNat: (243603).NzNat
Bye.
9997.80user 17.45system 2:46:55elapsed 99%CPU (0avgtext+0avgdata 633136maxresident)k
16inputs+16outputs (0major+160683minor)pagefaults 0swaps
