		     \||||||||||||||||||/
		   --- Welcome to Maude ---
		     /||||||||||||||||||\
	     Maude 3.0 built: Mar 15 2020 23:55:47
	     Copyright 1997-2019 SRI International
		   Mon Apr 15 22:29:22 2024
Advisory: redefining module BOOLEAN.
Advisory: redefining module INTEGER.
Advisory: redefining module REAL.
Advisory: redefining module REAL-INTEGER.
==========================================
reduce in SMT-CHECK : smtCheck(1/1 < 1/1, false) .
rewrites: 1 in 4ms cpu (0ms real) (250 rewrites/second)
result Bool: (false).Bool
==========================================
srewrite in REPORTER : appExt using porStar ; fail .

No solution.
rewrites: 545084 in 144200ms cpu (144196ms real) (3780 rewrites/second)
Bye.
146.00user 0.05system 2:26.06elapsed 99%CPU (0avgtext+0avgdata 90716maxresident)k
16inputs+16outputs (0major+26513minor)pagefaults 0swaps
