		     \||||||||||||||||||/
		   --- Welcome to Maude ---
		     /||||||||||||||||||\
	     Maude 3.0 built: Mar 15 2020 23:55:47
	     Copyright 1997-2019 SRI International
		   Mon Apr 15 22:36:10 2024
Advisory: redefining module BOOLEAN.
Advisory: redefining module INTEGER.
Advisory: redefining module REAL.
Advisory: redefining module REAL-INTEGER.
==========================================
reduce in SMT-CHECK : smtCheck(1/1 < 1/1, false) .
rewrites: 1 in 0ms cpu (0ms real) (~ rewrites/second)
result Bool: (false).Bool
==========================================
srewrite in REPORTER : appExt using porStar ; fail .

No solution.
rewrites: 27492 in 3220ms cpu (3218ms real) (8537 rewrites/second)
Bye.
5.03user 0.01system 0:05.06elapsed 99%CPU (0avgtext+0avgdata 64336maxresident)k
16inputs+16outputs (0major+14394minor)pagefaults 0swaps
