		     \||||||||||||||||||/
		   --- Welcome to Maude ---
		     /||||||||||||||||||\
	     Maude 3.0 built: Mar 15 2020 23:55:47
	     Copyright 1997-2019 SRI International
		   Sat Apr 20 20:13:48 2024
Advisory: redefining module BOOLEAN.
Advisory: redefining module INTEGER.
Advisory: redefining module REAL.
Advisory: redefining module REAL-INTEGER.
==========================================
reduce in SMT-CHECK : smtCheck(1/1 < 1/1, false) .
rewrites: 1 in 0ms cpu (0ms real) (~ rewrites/second)
result Bool: (false).Bool
==========================================
srewrite in REPORTER : appExt using noPor ; fail .

No solution.
rewrites: 6603277 in 1515624ms cpu (1515626ms real) (4356 rewrites/second)
Warning: "t4-c-n-gcd2.maude", line 257: skipped unexpected token: .---srew
Warning: "t4-c-n-gcd2.maude", line 257: skipped unexpected token: appExt
Warning: "t4-c-n-gcd2.maude", line 257: skipped unexpected token: using
Warning: "t4-c-n-gcd2.maude", line 257: skipped unexpected token: porStep
Warning: "t4-c-n-gcd2.maude", line 257: skipped unexpected token: *
Warning: "t4-c-n-gcd2.maude", line 257: syntax error
Bye.
1517.01user 0.48system 25:17.52elapsed 99%CPU (0avgtext+0avgdata 336356maxresident)k
16inputs+16outputs (0major+207529minor)pagefaults 0swaps
