		     \||||||||||||||||||/
		   --- Welcome to Maude ---
		     /||||||||||||||||||\
	     Maude 3.0 built: Mar 15 2020 23:55:47
	     Copyright 1997-2019 SRI International
		   Mon Apr 15 22:27:27 2024
Advisory: redefining module BOOLEAN.
Advisory: redefining module INTEGER.
Advisory: redefining module REAL.
Advisory: redefining module REAL-INTEGER.
==========================================
reduce in SMT-CHECK : smtCheck(1/1 < 1/1, false) .
rewrites: 1 in 0ms cpu (0ms real) (~ rewrites/second)
result Bool: (false).Bool
==========================================
srewrite in REPORTER : appExt using noPor ; fail .

No solution.
rewrites: 35404671 in 7572204ms cpu (7572202ms real) (4675 rewrites/second)
Warning: "t4-c-n-gcd2.maude", line 257: skipped unexpected token: .---srew
Warning: "t4-c-n-gcd2.maude", line 257: skipped unexpected token: appExt
Warning: "t4-c-n-gcd2.maude", line 257: skipped unexpected token: using
Warning: "t4-c-n-gcd2.maude", line 257: skipped unexpected token: porStep
Warning: "t4-c-n-gcd2.maude", line 257: skipped unexpected token: *
Warning: "t4-c-n-gcd2.maude", line 257: syntax error
Bye.
7567.98user 6.37system 2:06:14elapsed 99%CPU (0avgtext+0avgdata 1733912maxresident)k
16inputs+16outputs (0major+2436049minor)pagefaults 0swaps
