		     \||||||||||||||||||/
		   --- Welcome to Maude ---
		     /||||||||||||||||||\
	     Maude 3.0 built: Mar 15 2020 23:55:47
	     Copyright 1997-2019 SRI International
		   Mon Apr 15 17:27:34 2024
Advisory: redefining module BOOLEAN.
Advisory: redefining module INTEGER.
Advisory: redefining module REAL.
Advisory: redefining module REAL-INTEGER.
==========================================
reduce in SMT-CHECK : smtCheck(1/1 < 1/1, false) .
rewrites: 1 in 0ms cpu (0ms real) (~ rewrites/second)
result Bool: (false).Bool
==========================================
reduce in REPORTER : counter(0, metaSrewrite(upModule('POR, false), upTerm(
    appExt), 'ample[[empty]], breadthFirst, 0)) .
rewrites: 12774027 in 150596ms cpu (150596ms real) (84823 rewrites/second)
result NzNat: (6270).NzNat
Bye.
152.40user 0.05system 2:32.47elapsed 99%CPU (0avgtext+0avgdata 106348maxresident)k
0inputs+16outputs (0major+30093minor)pagefaults 0swaps
