		     \||||||||||||||||||/
		   --- Welcome to Maude ---
		     /||||||||||||||||||\
	     Maude 3.0 built: Mar 15 2020 23:55:47
	     Copyright 1997-2019 SRI International
		   Sat Apr 20 20:23:27 2024
Advisory: redefining module BOOLEAN.
Advisory: redefining module INTEGER.
Advisory: redefining module REAL.
Advisory: redefining module REAL-INTEGER.
==========================================
reduce in SMT-CHECK : smtCheck(1/1 < 1/1, false) .
rewrites: 1 in 0ms cpu (0ms real) (~ rewrites/second)
result Bool: (false).Bool
==========================================
srewrite in REPORTER : appExt using noPor ; fail .

No solution.
rewrites: 26899 in 4200ms cpu (4199ms real) (6404 rewrites/second)
Bye.
6.01user 0.02system 0:06.04elapsed 99%CPU (0avgtext+0avgdata 64072maxresident)k
16inputs+16outputs (0major+14315minor)pagefaults 0swaps
