Computing reachable states... 
Iteration 0... 1 sym states passed, 3 waiting 0.00800001s
Iteration 1... 2 sym states passed, 5 waiting 0.00500001s
Iteration 2... 3 sym states passed, 6 waiting 0.00700001s
Iteration 3... 4 sym states passed, 7 waiting 0.00600001s
Iteration 4... 5 sym states passed, 9 waiting 0.00500001s
Iteration 5... 6 sym states passed, 10 waiting 0.00600001s
Iteration 6... 7 sym states passed, 11 waiting 0.00600001s
Iteration 7... 8 sym states passed, 12 waiting 0.00600001s
Iteration 8... 9 sym states passed, 12 waiting 0.00800001s
Iteration 9... 10 sym states passed, 12 waiting 0.00500001s
Iteration 10... 11 sym states passed, 12 waiting 0.00600001s
Iteration 11... 12 sym states passed, 13 waiting 0.00500001s
Iteration 12... 13 sym states passed, 14 waiting 0.00600001s
Iteration 13... 14 sym states passed, 15 waiting 0.00600001s
Iteration 14... 15 sym states passed, 15 waiting 0.00500001s
Iteration 15... 16 sym states passed, 15 waiting 0.00800001s
Iteration 16... 17 sym states passed, 16 waiting 0.00600001s
Iteration 17... 18 sym states passed, 16 waiting 0.00600001s
Iteration 18... 19 sym states passed, 17 waiting 0.00400001s
Iteration 19... 20 sym states passed, 16 waiting 0.00800001s
Iteration 20... 21 sym states passed, 15 waiting 0.00600001s
Iteration 21... 21 sym states passed, 13 waiting 0.00600001s
Iteration 22... 21 sym states passed, 12 waiting 0.00500001s
Iteration 23... 22 sym states passed, 13 waiting 0.00600001s
Iteration 24... 23 sym states passed, 14 waiting 0.00600001s
Iteration 25... 24 sym states passed, 14 waiting 0.00500001s
Iteration 26... 25 sym states passed, 14 waiting 0.00800001s
Iteration 27... 26 sym states passed, 14 waiting 0.00500001s
Iteration 28... 27 sym states passed, 14 waiting 0.00600001s
Iteration 29... 28 sym states passed, 13 waiting 0.00700001s
Iteration 30... 29 sym states passed, 12 waiting 0.00800001s
Iteration 31... 30 sym states passed, 12 waiting 0.00400001s
Iteration 32... 31 sym states passed, 13 waiting 0.00400001s
Iteration 33... 32 sym states passed, 13 waiting 0.00600001s
Iteration 34... 33 sym states passed, 12 waiting 0.00600001s
Iteration 35... 34 sym states passed, 12 waiting 0.00500001s
Iteration 36... 35 sym states passed, 12 waiting 0.00700001s
Iteration 37... 36 sym states passed, 12 waiting 0.00500001s
Iteration 38... 37 sym states passed, 12 waiting 0.00600001s
Iteration 39... 38 sym states passed, 11 waiting 0.00700001s
Iteration 40... 39 sym states passed, 9 waiting 0.00700001s
Iteration 41... 40 sym states passed, 9 waiting 0.00600001s
Iteration 42... 41 sym states passed, 9 waiting 0.00500001s
Iteration 43... 42 sym states passed, 8 waiting 0.00400001s
Iteration 44... 43 sym states passed, 8 waiting 0.00400001s
Iteration 45... 44 sym states passed, 8 waiting 0.00600001s
Iteration 46... 45 sym states passed, 8 waiting 0.00500001s
Iteration 47... 46 sym states passed, 8 waiting 0.00600001s
Iteration 48... 47 sym states passed, 7 waiting 0.00600001s
Iteration 49... 48 sym states passed, 6 waiting 0.00500001s
Iteration 50... 49 sym states passed, 6 waiting 0.00400001s
Iteration 51... 50 sym states passed, 5 waiting 0.00500001s
Iteration 52... 51 sym states passed, 5 waiting 0.00600001s
Iteration 53... 52 sym states passed, 4 waiting 0.00400001s
Iteration 54... 53 sym states passed, 4 waiting 0.00400001s
Iteration 55... 54 sym states passed, 3 waiting 0.00500001s
Iteration 56... 55 sym states passed, 2 waiting 0.00400001s
Iteration 57... 56 sym states passed, 1 waiting 0.00400001s
Iteration 58... 57 sym states passed, 0 waiting 0.00400001s
Found fixpoint after 59 iterations.
Computing reachable states done after 0.366001s
Forbidden states are not reachable.
Output of reachable bad states... 
WARNING (ambiguous output) cannot represent empty set in GEN format
Output of reachable bad states done after 0s
ATTENTION: Warnings were issued.
Warnings on ambiguous output: 1
0.42user 0.02system 0:00.46elapsed 95%CPU (0avgtext+0avgdata 36916maxresident)k
0inputs+8outputs (0major+7911minor)pagefaults 0swaps
