Computing reachable states... 
Iteration 0... 1 sym states passed, 2 waiting 0.00300001s
Iteration 1... 2 sym states passed, 2 waiting 0.00100001s
Iteration 2... 3 sym states passed, 2 waiting 0.00100001s
Iteration 3... 4 sym states passed, 3 waiting 0.00200001s
Iteration 4... 5 sym states passed, 4 waiting 0.00200001s
Iteration 5... 6 sym states passed, 4 waiting 0.00200001s
Iteration 6... 7 sym states passed, 4 waiting 0.00200001s
Iteration 7... 8 sym states passed, 4 waiting 0.00200001s
Iteration 8... 9 sym states passed, 4 waiting 0.00200001s
Iteration 9... 10 sym states passed, 4 waiting 0.00200001s
Iteration 10... 11 sym states passed, 4 waiting 0.00200001s
Iteration 11... 12 sym states passed, 4 waiting 0.00200001s
Iteration 12... 13 sym states passed, 4 waiting 0.00200001s
Iteration 13... 14 sym states passed, 4 waiting 0.00200001s
Iteration 14... 15 sym states passed, 3 waiting 0.00200001s
Iteration 15... 16 sym states passed, 3 waiting 0.00100001s
Iteration 16... 17 sym states passed, 2 waiting 0.00100001s
Iteration 17... 18 sym states passed, 1 waiting 0.00200001s
Iteration 18... 19 sym states passed, 0 waiting 0.00100001s
Found fixpoint after 19 iterations.
Computing reachable states done after 0.0420001s
Forbidden states are not reachable.
Output of reachable bad states... 
WARNING (ambiguous output) cannot represent empty set in GEN format
Output of reachable bad states done after 0s
ATTENTION: Warnings were issued.
Warnings on ambiguous output: 1
0.07user 0.00system 0:00.09elapsed 80%CPU (0avgtext+0avgdata 11864maxresident)k
0inputs+8outputs (0major+1697minor)pagefaults 0swaps
