Computing reachable states... 
Iteration 0... 1 sym states passed, 2 waiting 0.00400001s
Iteration 1... 2 sym states passed, 3 waiting 0.00300001s
Iteration 2... 3 sym states passed, 3 waiting 0.00200001s
Iteration 3... 4 sym states passed, 3 waiting 0.00100001s
Iteration 4... 5 sym states passed, 4 waiting 0.00200001s
Iteration 5... 6 sym states passed, 4 waiting 0.00100001s
Iteration 6... 7 sym states passed, 3 waiting 0.00100001s
Iteration 7... 8 sym states passed, 4 waiting 0.00100001s
Iteration 8... 9 sym states passed, 4 waiting 0.00200001s
Iteration 9... 10 sym states passed, 3 waiting 0.00100001s
Iteration 10... 11 sym states passed, 3 waiting 0.00200001s
Iteration 11... 12 sym states passed, 3 waiting 0.00100001s
Iteration 12... 13 sym states passed, 2 waiting 0.00200001s
Iteration 13... 14 sym states passed, 3 waiting 0.00200001s
Iteration 14... 15 sym states passed, 3 waiting 0.00200001s
Iteration 15... 16 sym states passed, 3 waiting 0.00100001s
Iteration 16... 17 sym states passed, 4 waiting 0.00200001s
Iteration 17... 18 sym states passed, 4 waiting 0.00100001s
Iteration 18... 19 sym states passed, 3 waiting 0.00100001s
Iteration 19... 20 sym states passed, 4 waiting 0.00200001s
Iteration 20... 21 sym states passed, 4 waiting 0.00200001s
Iteration 21... 22 sym states passed, 3 waiting 0.00100001s
Iteration 22... 23 sym states passed, 3 waiting 0.00200001s
Iteration 23... 24 sym states passed, 3 waiting 0.00100001s
Iteration 24... 25 sym states passed, 2 waiting 0.00200001s
Iteration 25... 26 sym states passed, 3 waiting 0.00200001s
Iteration 26... 27 sym states passed, 3 waiting 0.00200001s
Iteration 27... 28 sym states passed, 3 waiting 0.00100001s
Iteration 28... 29 sym states passed, 4 waiting 0.00200001s
Iteration 29... 30 sym states passed, 4 waiting 0.00100001s
Iteration 30... 31 sym states passed, 3 waiting 0.00100001s
Iteration 31... 32 sym states passed, 4 waiting 0.00200001s
Iteration 32... 33 sym states passed, 4 waiting 0.00200001s
Iteration 33... 34 sym states passed, 3 waiting 0.00100001s
Iteration 34... 35 sym states passed, 3 waiting 0.00200001s
Iteration 35... 36 sym states passed, 3 waiting 0.00100001s
Iteration 36... 37 sym states passed, 2 waiting 0.00200001s
Iteration 37... 38 sym states passed, 2 waiting 0.00100001s
Iteration 38... 39 sym states passed, 1 waiting 0.00200001s
Iteration 39... 40 sym states passed, 0 waiting 0.00200001s
Found fixpoint after 40 iterations.
Computing reachable states done after 0.0860001s
Forbidden states are not reachable.
Output of reachable bad states... 
WARNING (ambiguous output) cannot represent empty set in GEN format
Output of reachable bad states done after 0s
ATTENTION: Warnings were issued.
Warnings on ambiguous output: 1
0.12user 0.01system 0:00.20elapsed 64%CPU (0avgtext+0avgdata 10356maxresident)k
560inputs+8outputs (23major+1456minor)pagefaults 0swaps
