Computing reachable states... 
Iteration 0... 1 sym states passed, 1 waiting 0.00400001s
Iteration 1... 2 sym states passed, 1 waiting 0.00400001s
Iteration 2... 3 sym states passed, 1 waiting 0.00200001s
Iteration 3... 4 sym states passed, 1 waiting 0.00300001s
Iteration 4... 5 sym states passed, 2 waiting 0.00400001s
Iteration 5... 6 sym states passed, 2 waiting 0.00500001s
Iteration 6... 7 sym states passed, 2 waiting 0.00300001s
Iteration 7... 8 sym states passed, 2 waiting 0.00400001s
Iteration 8... 9 sym states passed, 2 waiting 0.00300001s
Iteration 9... 10 sym states passed, 2 waiting 0.00500001s
Iteration 10... 11 sym states passed, 1 waiting 0.00500001s
Iteration 11... 12 sym states passed, 0 waiting 0.00600001s
Found fixpoint after 12 iterations.
Computing reachable states done after 0.0550001s
Forbidden states are not reachable.
Output of reachable bad states... 
WARNING (ambiguous output) cannot represent empty set in GEN format
Output of reachable bad states done after 0s
ATTENTION: Warnings were issued.
Warnings on ambiguous output: 1
0.07user 0.02system 0:00.21elapsed 47%CPU (0avgtext+0avgdata 16096maxresident)k
248inputs+8outputs (16major+2840minor)pagefaults 0swaps
