Computing reachable states... 
Iteration 0... 1 sym states passed, 1 waiting 0.00400001s
Iteration 1... 2 sym states passed, 1 waiting 0.00400001s
Iteration 2... 3 sym states passed, 1 waiting 0.00300001s
Iteration 3... 4 sym states passed, 1 waiting 0.00300001s
Iteration 4... 5 sym states passed, 2 waiting 0.00400001s
Iteration 5... 6 sym states passed, 3 waiting 0.00600001s
Iteration 6... 7 sym states passed, 4 waiting 0.00300001s
Iteration 7... 8 sym states passed, 4 waiting 0.00200001s
Iteration 8... 9 sym states passed, 4 waiting 0.00500001s
Iteration 9... 9 sym states passed, 3 waiting 0.00400001s
Iteration 10... 10 sym states passed, 3 waiting 0.00300001s
Iteration 11... 11 sym states passed, 2 waiting 0.00200001s
Iteration 12... 12 sym states passed, 3 waiting 0.00500001s
Iteration 13... 13 sym states passed, 3 waiting 0.00500001s
Iteration 14... 14 sym states passed, 4 waiting 0.00700001s
Iteration 15... 15 sym states passed, 3 waiting 0.00200001s
Iteration 16... 16 sym states passed, 3 waiting 0.00300001s
Iteration 17... 17 sym states passed, 4 waiting 0.00500001s
Iteration 18... 18 sym states passed, 3 waiting 0.00400001s
Iteration 19... 19 sym states passed, 2 waiting 0.00300001s
Iteration 20... 20 sym states passed, 2 waiting 0.00200001s
Iteration 21... 21 sym states passed, 1 waiting 0.00500001s
Iteration 22... 22 sym states passed, 1 waiting 0.00300001s
Iteration 23... 23 sym states passed, 1 waiting 0.00300001s
Iteration 24... 24 sym states passed, 1 waiting 0.00200001s
Iteration 25... 25 sym states passed, 2 waiting 0.00400001s
Iteration 26... 26 sym states passed, 2 waiting 0.00500001s
Iteration 27... 27 sym states passed, 2 waiting 0.00400001s
Iteration 28... 28 sym states passed, 2 waiting 0.00600001s
Iteration 29... 29 sym states passed, 2 waiting 0.00300001s
Iteration 30... 30 sym states passed, 2 waiting 0.00400001s
Iteration 31... 31 sym states passed, 1 waiting 0.00400001s
Iteration 32... 32 sym states passed, 0 waiting 0.00500001s
Found fixpoint after 33 iterations.
Computing reachable states done after 0.145001s
Forbidden states are not reachable.
Output of reachable bad states... 
WARNING (ambiguous output) cannot represent empty set in GEN format
Output of reachable bad states done after 0s
ATTENTION: Warnings were issued.
Warnings on ambiguous output: 1
0.18user 0.02system 0:00.31elapsed 65%CPU (0avgtext+0avgdata 19384maxresident)k
280inputs+8outputs (13major+3651minor)pagefaults 0swaps
