Computing reachable states... 
Iteration 0... 1 sym states passed, 402 waiting 4.86101s
Iteration 1... 2 sym states passed, 404 waiting 0.0600001s
Iteration 2... 3 sym states passed, 406 waiting 0.0180001s
Iteration 3... 4 sym states passed, 405 waiting 0.0180001s
Iteration 4... 5 sym states passed, 404 waiting 0.0180001s
Iteration 5... 6 sym states passed, 403 waiting 0.0170001s
Iteration 6... 7 sym states passed, 402 waiting 0.0180001s
Iteration 7... 8 sym states passed, 401 waiting 0.0170001s
Iteration 8... 9 sym states passed, 400 waiting 0.0170001s
Iteration 9... 10 sym states passed, 399 waiting 0.0170001s
Iteration 10... 11 sym states passed, 398 waiting 0.0170001s
Iteration 11... 12 sym states passed, 397 waiting 0.0170001s
Iteration 12... 13 sym states passed, 396 waiting 0.0160001s
Iteration 13... 14 sym states passed, 395 waiting 0.0160001s
Iteration 14... 15 sym states passed, 394 waiting 0.0160001s
Iteration 15... 16 sym states passed, 393 waiting 0.0160001s
Iteration 16... 17 sym states passed, 392 waiting 0.0160001s
Iteration 17... 18 sym states passed, 391 waiting 0.0160001s
Iteration 18... 19 sym states passed, 390 waiting 0.0160001s
Iteration 19... 20 sym states passed, 389 waiting 0.0160001s
Iteration 20... 21 sym states passed, 388 waiting 0.0150001s
Iteration 21... 22 sym states passed, 387 waiting 0.0160001s
Iteration 22... 23 sym states passed, 386 waiting 0.0150001s
Iteration 23... 24 sym states passed, 385 waiting 0.0150001s
Iteration 24... 25 sym states passed, 384 waiting 0.0150001s
Iteration 25... 26 sym states passed, 383 waiting 0.0160001s
Iteration 26... 27 sym states passed, 382 waiting 0.0150001s
Iteration 27... 28 sym states passed, 381 waiting 0.0150001s
Iteration 28... 29 sym states passed, 380 waiting 0.0150001s
Iteration 29... 30 sym states passed, 379 waiting 0.0150001s
Iteration 30... 31 sym states passed, 378 waiting 0.0150001s
Iteration 31... 32 sym states passed, 377 waiting 0.0150001s
Iteration 32... 33 sym states passed, 376 waiting 0.0150001s
Iteration 33... 34 sym states passed, 375 waiting 0.0150001s
Iteration 34... 35 sym states passed, 374 waiting 0.0140001s
Iteration 35... 36 sym states passed, 373 waiting 0.0140001s
Iteration 36... 37 sym states passed, 372 waiting 0.0140001s
Iteration 37... 38 sym states passed, 371 waiting 0.0140001s
Iteration 38... 39 sym states passed, 370 waiting 0.0140001s
Iteration 39... 40 sym states passed, 369 waiting 0.0140001s
Iteration 40... 41 sym states passed, 368 waiting 0.0140001s
Iteration 41... 42 sym states passed, 367 waiting 0.0140001s
Iteration 42... 43 sym states passed, 366 waiting 0.0140001s
Iteration 43... 44 sym states passed, 365 waiting 0.0140001s
Iteration 44... 45 sym states passed, 364 waiting 0.0130001s
Iteration 45... 46 sym states passed, 363 waiting 0.0140001s
Iteration 46... 47 sym states passed, 362 waiting 0.0130001s
Iteration 47... 48 sym states passed, 361 waiting 0.0130001s
Iteration 48... 49 sym states passed, 360 waiting 0.0130001s
Iteration 49... 50 sym states passed, 359 waiting 0.0130001s
Iteration 50... 51 sym states passed, 358 waiting 0.0130001s
Iteration 51... 52 sym states passed, 357 waiting 0.0140001s
Iteration 52... 53 sym states passed, 356 waiting 0.0130001s
Iteration 53... 54 sym states passed, 355 waiting 0.0130001s
Iteration 54... 55 sym states passed, 354 waiting 0.0120001s
Iteration 55... 56 sym states passed, 353 waiting 0.0130001s
Iteration 56... 57 sym states passed, 352 waiting 0.0120001s
Iteration 57... 58 sym states passed, 351 waiting 0.0120001s
Iteration 58... 59 sym states passed, 350 waiting 0.0120001s
Iteration 59... 60 sym states passed, 349 waiting 0.0120001s
Iteration 60... 61 sym states passed, 348 waiting 0.0120001s
Iteration 61... 62 sym states passed, 347 waiting 0.0120001s
Iteration 62... 63 sym states passed, 346 waiting 0.0110001s
Iteration 63... 64 sym states passed, 345 waiting 0.0110001s
Iteration 64... 65 sym states passed, 344 waiting 0.0110001s
Iteration 65... 66 sym states passed, 343 waiting 0.0110001s
Iteration 66... 67 sym states passed, 342 waiting 0.0110001s
Iteration 67... 68 sym states passed, 341 waiting 0.0110001s
Iteration 68... 69 sym states passed, 340 waiting 0.0110001s
Iteration 69... 70 sym states passed, 339 waiting 0.0110001s
Iteration 70... 71 sym states passed, 338 waiting 0.0110001s
Iteration 71... 72 sym states passed, 337 waiting 0.0100001s
Iteration 72... 73 sym states passed, 336 waiting 0.0110001s
Iteration 73... 74 sym states passed, 335 waiting 0.0100001s
Iteration 74... 75 sym states passed, 334 waiting 0.0100001s
Iteration 75... 76 sym states passed, 333 waiting 0.0100001s
Iteration 76... 77 sym states passed, 332 waiting 0.0100001s
Iteration 77... 78 sym states passed, 331 waiting 0.0100001s
Iteration 78... 79 sym states passed, 330 waiting 0.0100001s
Iteration 79... 80 sym states passed, 329 waiting 0.0100001s
Iteration 80... 81 sym states passed, 328 waiting 0.0100001s
Iteration 81... 82 sym states passed, 327 waiting 0.0100001s
Iteration 82... 83 sym states passed, 326 waiting 0.00900001s
Iteration 83... 84 sym states passed, 325 waiting 0.00900001s
Iteration 84... 85 sym states passed, 324 waiting 0.00900001s
Iteration 85... 86 sym states passed, 323 waiting 0.00900001s
Iteration 86... 87 sym states passed, 322 waiting 0.00900001s
Iteration 87... 88 sym states passed, 321 waiting 0.00900001s
Iteration 88... 89 sym states passed, 320 waiting 0.00900001s
Iteration 89... 90 sym states passed, 319 waiting 0.00900001s
Iteration 90... 91 sym states passed, 318 waiting 0.00900001s
Iteration 91... 92 sym states passed, 317 waiting 0.00900001s
Iteration 92... 93 sym states passed, 316 waiting 0.00900001s
Iteration 93... 94 sym states passed, 315 waiting 0.00800001s
Iteration 94... 95 sym states passed, 314 waiting 0.00800001s
Iteration 95... 96 sym states passed, 313 waiting 0.00800001s
Iteration 96... 97 sym states passed, 312 waiting 0.00800001s
Iteration 97... 98 sym states passed, 311 waiting 0.00800001s
Iteration 98... 99 sym states passed, 310 waiting 0.00800001s
Iteration 99... 100 sym states passed, 309 waiting 0.00800001s
Iteration 100... 101 sym states passed, 308 waiting 0.00800001s
Iteration 101... 102 sym states passed, 307 waiting 0.00800001s
Iteration 102... 103 sym states passed, 306 waiting 0.00600001s
Iteration 103... 104 sym states passed, 305 waiting 0.00500001s
Iteration 104... 105 sym states passed, 304 waiting 0.0610001s
Iteration 105... 106 sym states passed, 303 waiting 0.0640001s
Iteration 106... 107 sym states passed, 302 waiting 0.0640001s
Iteration 107... 108 sym states passed, 301 waiting 0.0640001s
Iteration 108... 109 sym states passed, 300 waiting 0.0600001s
Iteration 109... 110 sym states passed, 299 waiting 0.0610001s
Iteration 110... 111 sym states passed, 298 waiting 0.0630001s
Iteration 111... 112 sym states passed, 297 waiting 0.0630001s
Iteration 112... 113 sym states passed, 296 waiting 0.0630001s
Iteration 113... 114 sym states passed, 295 waiting 0.0630001s
Iteration 114... 115 sym states passed, 294 waiting 0.0620001s
Iteration 115... 116 sym states passed, 293 waiting 0.0610001s
Iteration 116... 117 sym states passed, 292 waiting 0.0590001s
Iteration 117... 118 sym states passed, 291 waiting 0.0610001s
Iteration 118... 119 sym states passed, 290 waiting 0.0620001s
Iteration 119... 120 sym states passed, 289 waiting 0.0610001s
Iteration 120... 121 sym states passed, 288 waiting 0.0600001s
Iteration 121... 122 sym states passed, 287 waiting 0.0620001s
Iteration 122... 123 sym states passed, 286 waiting 0.0610001s
Iteration 123... 124 sym states passed, 285 waiting 0.0600001s
Iteration 124... 125 sym states passed, 284 waiting 0.0590001s
Iteration 125... 126 sym states passed, 283 waiting 0.0590001s
Iteration 126... 127 sym states passed, 282 waiting 0.0570001s
Iteration 127... 128 sym states passed, 281 waiting 0.0590001s
Iteration 128... 129 sym states passed, 280 waiting 0.0580001s
Iteration 129... 130 sym states passed, 279 waiting 0.0590001s
Iteration 130... 131 sym states passed, 278 waiting 0.0580001s
Iteration 131... 132 sym states passed, 277 waiting 0.0580001s
Iteration 132... 133 sym states passed, 276 waiting 0.0570001s
Iteration 133... 134 sym states passed, 275 waiting 0.0590001s
Iteration 134... 135 sym states passed, 274 waiting 0.0600001s
Iteration 135... 136 sym states passed, 273 waiting 0.0600001s
Iteration 136... 137 sym states passed, 272 waiting 0.0600001s
Iteration 137... 138 sym states passed, 271 waiting 0.0590001s
Iteration 138... 139 sym states passed, 270 waiting 0.0600001s
Iteration 139... 140 sym states passed, 269 waiting 0.0570001s
Iteration 140... 141 sym states passed, 268 waiting 0.0590001s
Iteration 141... 142 sym states passed, 267 waiting 0.0560001s
Iteration 142... 143 sym states passed, 266 waiting 0.0590001s
Iteration 143... 144 sym states passed, 265 waiting 0.0560001s
Iteration 144... 145 sym states passed, 264 waiting 0.0570001s
Iteration 145... 146 sym states passed, 263 waiting 0.0580001s
Iteration 146... 147 sym states passed, 262 waiting 0.0570001s
Iteration 147... 148 sym states passed, 261 waiting 0.0580001s
Iteration 148... 149 sym states passed, 260 waiting 0.0570001s
Iteration 149... 150 sym states passed, 259 waiting 0.0570001s
Iteration 150... 151 sym states passed, 258 waiting 0.0580001s
Iteration 151... 152 sym states passed, 257 waiting 0.0580001s
Iteration 152... 153 sym states passed, 256 waiting 0.0560001s
Iteration 153... 154 sym states passed, 255 waiting 0.0550001s
Iteration 154... 155 sym states passed, 254 waiting 0.0560001s
Iteration 155... 156 sym states passed, 253 waiting 0.0550001s
Iteration 156... 157 sym states passed, 252 waiting 0.0570001s
Iteration 157... 158 sym states passed, 251 waiting 0.0570001s
Iteration 158... 159 sym states passed, 250 waiting 0.0570001s
Iteration 159... 160 sym states passed, 249 waiting 0.0580001s
Iteration 160... 161 sym states passed, 248 waiting 0.0570001s
Iteration 161... 162 sym states passed, 247 waiting 0.0560001s
Iteration 162... 163 sym states passed, 246 waiting 0.0570001s
Iteration 163... 164 sym states passed, 245 waiting 0.0560001s
Iteration 164... 165 sym states passed, 244 waiting 0.0560001s
Iteration 165... 166 sym states passed, 243 waiting 0.0540001s
Iteration 166... 167 sym states passed, 242 waiting 0.0560001s
Iteration 167... 168 sym states passed, 241 waiting 0.0540001s
Iteration 168... 169 sym states passed, 240 waiting 0.0560001s
Iteration 169... 170 sym states passed, 239 waiting 0.0570001s
Iteration 170... 171 sym states passed, 238 waiting 0.0560001s
Iteration 171... 172 sym states passed, 237 waiting 0.0550001s
Iteration 172... 173 sym states passed, 236 waiting 0.0550001s
Iteration 173... 174 sym states passed, 235 waiting 0.0560001s
Iteration 174... 175 sym states passed, 234 waiting 0.0560001s
Iteration 175... 176 sym states passed, 233 waiting 0.0540001s
Iteration 176... 177 sym states passed, 232 waiting 0.0530001s
Iteration 177... 178 sym states passed, 231 waiting 0.0550001s
Iteration 178... 179 sym states passed, 230 waiting 0.0540001s
Iteration 179... 180 sym states passed, 229 waiting 0.0550001s
Iteration 180... 181 sym states passed, 228 waiting 0.0530001s
Iteration 181... 182 sym states passed, 227 waiting 0.0550001s
Iteration 182... 183 sym states passed, 226 waiting 0.0540001s
Iteration 183... 184 sym states passed, 225 waiting 0.0530001s
Iteration 184... 185 sym states passed, 224 waiting 0.0560001s
Iteration 185... 186 sym states passed, 223 waiting 0.0550001s
Iteration 186... 187 sym states passed, 222 waiting 0.0520001s
Iteration 187... 188 sym states passed, 221 waiting 0.0540001s
Iteration 188... 189 sym states passed, 220 waiting 0.0530001s
Iteration 189... 190 sym states passed, 219 waiting 0.0540001s
Iteration 190... 191 sym states passed, 218 waiting 0.0540001s
Iteration 191... 192 sym states passed, 217 waiting 0.0530001s
Iteration 192... 193 sym states passed, 216 waiting 0.0540001s
Iteration 193... 194 sym states passed, 215 waiting 0.0520001s
Iteration 194... 195 sym states passed, 214 waiting 0.0510001s
Iteration 195... 196 sym states passed, 213 waiting 0.0540001s
Iteration 196... 197 sym states passed, 212 waiting 0.0530001s
Iteration 197... 198 sym states passed, 211 waiting 0.0530001s
Iteration 198... 199 sym states passed, 210 waiting 0.0540001s
Iteration 199... 200 sym states passed, 209 waiting 0.0530001s
Iteration 200... 201 sym states passed, 208 waiting 0.0520001s
Iteration 201... 202 sym states passed, 207 waiting 0.0530001s
Iteration 202... 203 sym states passed, 206 waiting 0.0510001s
Iteration 203... 204 sym states passed, 205 waiting 0.0520001s
Iteration 204... 205 sym states passed, 204 waiting 0.0520001s
Iteration 205... 206 sym states passed, 203 waiting 0.0510001s
Iteration 206... 207 sym states passed, 202 waiting 0.0520001s
Iteration 207... 208 sym states passed, 201 waiting 0.0520001s
Iteration 208... 209 sym states passed, 200 waiting 0.0510001s
Iteration 209... 210 sym states passed, 199 waiting 0.0510001s
Iteration 210... 211 sym states passed, 198 waiting 0.0520001s
Iteration 211... 212 sym states passed, 197 waiting 0.0520001s
Iteration 212... 213 sym states passed, 196 waiting 0.0530001s
Iteration 213... 214 sym states passed, 195 waiting 0.0520001s
Iteration 214... 215 sym states passed, 194 waiting 0.0520001s
Iteration 215... 216 sym states passed, 193 waiting 0.0510001s
Iteration 216... 217 sym states passed, 192 waiting 0.0530001s
Iteration 217... 218 sym states passed, 191 waiting 0.0490001s
Iteration 218... 219 sym states passed, 190 waiting 0.0510001s
Iteration 219... 220 sym states passed, 189 waiting 0.0510001s
Iteration 220... 221 sym states passed, 188 waiting 0.0490001s
Iteration 221... 222 sym states passed, 187 waiting 0.0490001s
Iteration 222... 223 sym states passed, 186 waiting 0.0510001s
Iteration 223... 224 sym states passed, 185 waiting 0.0500001s
Iteration 224... 225 sym states passed, 184 waiting 0.0490001s
Iteration 225... 226 sym states passed, 183 waiting 0.0480001s
Iteration 226... 227 sym states passed, 182 waiting 0.0500001s
Iteration 227... 228 sym states passed, 181 waiting 0.0500001s
Iteration 228... 229 sym states passed, 180 waiting 0.0500001s
Iteration 229... 230 sym states passed, 179 waiting 0.0490001s
Iteration 230... 231 sym states passed, 178 waiting 0.0500001s
Iteration 231... 232 sym states passed, 177 waiting 0.0500001s
Iteration 232... 233 sym states passed, 176 waiting 0.0480001s
Iteration 233... 234 sym states passed, 175 waiting 0.0500001s
Iteration 234... 235 sym states passed, 174 waiting 0.0490001s
Iteration 235... 236 sym states passed, 173 waiting 0.0500001s
Iteration 236... 237 sym states passed, 172 waiting 0.0480001s
Iteration 237... 238 sym states passed, 171 waiting 0.0480001s
Iteration 238... 239 sym states passed, 170 waiting 0.0480001s
Iteration 239... 240 sym states passed, 169 waiting 0.0490001s
Iteration 240... 241 sym states passed, 168 waiting 0.0490001s
Iteration 241... 242 sym states passed, 167 waiting 0.0480001s
Iteration 242... 243 sym states passed, 166 waiting 0.0480001s
Iteration 243... 244 sym states passed, 165 waiting 0.0460001s
Iteration 244... 245 sym states passed, 164 waiting 0.0470001s
Iteration 245... 246 sym states passed, 163 waiting 0.0480001s
Iteration 246... 247 sym states passed, 162 waiting 0.0470001s
Iteration 247... 248 sym states passed, 161 waiting 0.0480001s
Iteration 248... 249 sym states passed, 160 waiting 0.0470001s
Iteration 249... 250 sym states passed, 159 waiting 0.0460001s
Iteration 250... 251 sym states passed, 158 waiting 0.0460001s
Iteration 251... 252 sym states passed, 157 waiting 0.0470001s
Iteration 252... 253 sym states passed, 156 waiting 0.0470001s
Iteration 253... 254 sym states passed, 155 waiting 0.0470001s
Iteration 254... 255 sym states passed, 154 waiting 0.0460001s
Iteration 255... 256 sym states passed, 153 waiting 0.0450001s
Iteration 256... 257 sym states passed, 152 waiting 0.0460001s
Iteration 257... 258 sym states passed, 151 waiting 0.0460001s
Iteration 258... 259 sym states passed, 150 waiting 0.0470001s
Iteration 259... 260 sym states passed, 149 waiting 0.0500001s
Iteration 260... 261 sym states passed, 148 waiting 0.0470001s
Iteration 261... 262 sym states passed, 147 waiting 0.0450001s
Iteration 262... 263 sym states passed, 146 waiting 0.0470001s
Iteration 263... 264 sym states passed, 145 waiting 0.0460001s
Iteration 264... 265 sym states passed, 144 waiting 0.0450001s
Iteration 265... 266 sym states passed, 143 waiting 0.0460001s
Iteration 266... 267 sym states passed, 142 waiting 0.0460001s
Iteration 267... 268 sym states passed, 141 waiting 0.0450001s
Iteration 268... 269 sym states passed, 140 waiting 0.0460001s
Iteration 269... 270 sym states passed, 139 waiting 0.0440001s
Iteration 270... 271 sym states passed, 138 waiting 0.0450001s
Iteration 271... 272 sym states passed, 137 waiting 0.0460001s
Iteration 272... 273 sym states passed, 136 waiting 0.0440001s
Iteration 273... 274 sym states passed, 135 waiting 0.0460001s
Iteration 274... 275 sym states passed, 134 waiting 0.0440001s
Iteration 275... 276 sym states passed, 133 waiting 0.0440001s
Iteration 276... 277 sym states passed, 132 waiting 0.0460001s
Iteration 277... 278 sym states passed, 131 waiting 0.0450001s
Iteration 278... 279 sym states passed, 130 waiting 0.0450001s
Iteration 279... 280 sym states passed, 129 waiting 0.0450001s
Iteration 280... 281 sym states passed, 128 waiting 0.0450001s
Iteration 281... 282 sym states passed, 127 waiting 0.0440001s
Iteration 282... 283 sym states passed, 126 waiting 0.0440001s
Iteration 283... 284 sym states passed, 125 waiting 0.0450001s
Iteration 284... 285 sym states passed, 124 waiting 0.0440001s
Iteration 285... 286 sym states passed, 123 waiting 0.0440001s
Iteration 286... 287 sym states passed, 122 waiting 0.0430001s
Iteration 287... 288 sym states passed, 121 waiting 0.0440001s
Iteration 288... 289 sym states passed, 120 waiting 0.0440001s
Iteration 289... 290 sym states passed, 119 waiting 0.0440001s
Iteration 290... 291 sym states passed, 118 waiting 0.0440001s
Iteration 291... 292 sym states passed, 117 waiting 0.0440001s
Iteration 292... 293 sym states passed, 116 waiting 0.0440001s
Iteration 293... 294 sym states passed, 115 waiting 0.0430001s
Iteration 294... 295 sym states passed, 114 waiting 0.0430001s
Iteration 295... 296 sym states passed, 113 waiting 0.0440001s
Iteration 296... 297 sym states passed, 112 waiting 0.0430001s
Iteration 297... 298 sym states passed, 111 waiting 0.0430001s
Iteration 298... 299 sym states passed, 110 waiting 0.0440001s
Iteration 299... 300 sym states passed, 109 waiting 0.0430001s
Iteration 300... 301 sym states passed, 108 waiting 0.0430001s
Iteration 301... 302 sym states passed, 107 waiting 0.0420001s
Iteration 302... 303 sym states passed, 106 waiting 0.0420001s
Iteration 303... 304 sym states passed, 105 waiting 0.0420001s
Iteration 304... 305 sym states passed, 104 waiting 0.0420001s
Iteration 305... 306 sym states passed, 103 waiting 0.0420001s
Iteration 306... 307 sym states passed, 102 waiting 0.0420001s
Iteration 307... 308 sym states passed, 101 waiting 0.0430001s
Iteration 308... 309 sym states passed, 100 waiting 0.0410001s
Iteration 309... 310 sym states passed, 99 waiting 0.0420001s
Iteration 310... 311 sym states passed, 98 waiting 0.0420001s
Iteration 311... 312 sym states passed, 97 waiting 0.0420001s
Iteration 312... 313 sym states passed, 96 waiting 0.0420001s
Iteration 313... 314 sym states passed, 95 waiting 0.0410001s
Iteration 314... 315 sym states passed, 94 waiting 0.0420001s
Iteration 315... 316 sym states passed, 93 waiting 0.0410001s
Iteration 316... 317 sym states passed, 92 waiting 0.0410001s
Iteration 317... 318 sym states passed, 91 waiting 0.0400001s
Iteration 318... 319 sym states passed, 90 waiting 0.0410001s
Iteration 319... 320 sym states passed, 89 waiting 0.0390001s
Iteration 320... 321 sym states passed, 88 waiting 0.0410001s
Iteration 321... 322 sym states passed, 87 waiting 0.0400001s
Iteration 322... 323 sym states passed, 86 waiting 0.0400001s
Iteration 323... 324 sym states passed, 85 waiting 0.0410001s
Iteration 324... 325 sym states passed, 84 waiting 0.0400001s
Iteration 325... 326 sym states passed, 83 waiting 0.0410001s
Iteration 326... 327 sym states passed, 82 waiting 0.0390001s
Iteration 327... 328 sym states passed, 81 waiting 0.0400001s
Iteration 328... 329 sym states passed, 80 waiting 0.0400001s
Iteration 329... 330 sym states passed, 79 waiting 0.0400001s
Iteration 330... 331 sym states passed, 78 waiting 0.0390001s
Iteration 331... 332 sym states passed, 77 waiting 0.0390001s
Iteration 332... 333 sym states passed, 76 waiting 0.0390001s
Iteration 333... 334 sym states passed, 75 waiting 0.0390001s
Iteration 334... 335 sym states passed, 74 waiting 0.0390001s
Iteration 335... 336 sym states passed, 73 waiting 0.0390001s
Iteration 336... 337 sym states passed, 72 waiting 0.0380001s
Iteration 337... 338 sym states passed, 71 waiting 0.0400001s
Iteration 338... 339 sym states passed, 70 waiting 0.0390001s
Iteration 339... 340 sym states passed, 69 waiting 0.0390001s
Iteration 340... 341 sym states passed, 68 waiting 0.0390001s
Iteration 341... 342 sym states passed, 67 waiting 0.0380001s
Iteration 342... 343 sym states passed, 66 waiting 0.0370001s
Iteration 343... 344 sym states passed, 65 waiting 0.0390001s
Iteration 344... 345 sym states passed, 64 waiting 0.0370001s
Iteration 345... 346 sym states passed, 63 waiting 0.0380001s
Iteration 346... 347 sym states passed, 62 waiting 0.0380001s
Iteration 347... 348 sym states passed, 61 waiting 0.0370001s
Iteration 348... 349 sym states passed, 60 waiting 0.0380001s
Iteration 349... 350 sym states passed, 59 waiting 0.0370001s
Iteration 350... 351 sym states passed, 58 waiting 0.0370001s
Iteration 351... 352 sym states passed, 57 waiting 0.0370001s
Iteration 352... 353 sym states passed, 56 waiting 0.0380001s
Iteration 353... 354 sym states passed, 55 waiting 0.0380001s
Iteration 354... 355 sym states passed, 54 waiting 0.0370001s
Iteration 355... 356 sym states passed, 53 waiting 0.0360001s
Iteration 356... 357 sym states passed, 52 waiting 0.0370001s
Iteration 357... 358 sym states passed, 51 waiting 0.0370001s
Iteration 358... 359 sym states passed, 50 waiting 0.0360001s
Iteration 359... 360 sym states passed, 49 waiting 0.0370001s
Iteration 360... 361 sym states passed, 48 waiting 0.0360001s
Iteration 361... 362 sym states passed, 47 waiting 0.0370001s
Iteration 362... 363 sym states passed, 46 waiting 0.0360001s
Iteration 363... 364 sym states passed, 45 waiting 0.0360001s
Iteration 364... 365 sym states passed, 44 waiting 0.0360001s
Iteration 365... 366 sym states passed, 43 waiting 0.0360001s
Iteration 366... 367 sym states passed, 42 waiting 0.0360001s
Iteration 367... 368 sym states passed, 41 waiting 0.0350001s
Iteration 368... 369 sym states passed, 40 waiting 0.0350001s
Iteration 369... 370 sym states passed, 39 waiting 0.0360001s
Iteration 370... 371 sym states passed, 38 waiting 0.0350001s
Iteration 371... 372 sym states passed, 37 waiting 0.0360001s
Iteration 372... 373 sym states passed, 36 waiting 0.0350001s
Iteration 373... 374 sym states passed, 35 waiting 0.0350001s
Iteration 374... 375 sym states passed, 34 waiting 0.0350001s
Iteration 375... 376 sym states passed, 33 waiting 0.0340001s
Iteration 376... 377 sym states passed, 32 waiting 0.0360001s
Iteration 377... 378 sym states passed, 31 waiting 0.0350001s
Iteration 378... 379 sym states passed, 30 waiting 0.0340001s
Iteration 379... 380 sym states passed, 29 waiting 0.0350001s
Iteration 380... 381 sym states passed, 28 waiting 0.0340001s
Iteration 381... 382 sym states passed, 27 waiting 0.0340001s
Iteration 382... 383 sym states passed, 26 waiting 0.0350001s
Iteration 383... 384 sym states passed, 25 waiting 0.0340001s
Iteration 384... 385 sym states passed, 24 waiting 0.0340001s
Iteration 385... 386 sym states passed, 23 waiting 0.0340001s
Iteration 386... 387 sym states passed, 22 waiting 0.0340001s
Iteration 387... 388 sym states passed, 21 waiting 0.0340001s
Iteration 388... 389 sym states passed, 20 waiting 0.0340001s
Iteration 389... 390 sym states passed, 19 waiting 0.0340001s
Iteration 390... 391 sym states passed, 18 waiting 0.0340001s
Iteration 391... 392 sym states passed, 17 waiting 0.0330001s
Iteration 392... 393 sym states passed, 16 waiting 0.0330001s
Iteration 393... 394 sym states passed, 15 waiting 0.0340001s
Iteration 394... 395 sym states passed, 14 waiting 0.0330001s
Iteration 395... 396 sym states passed, 13 waiting 0.0330001s
Iteration 396... 397 sym states passed, 12 waiting 0.0330001s
Iteration 397... 398 sym states passed, 11 waiting 0.0330001s
Iteration 398... 399 sym states passed, 10 waiting 0.0330001s
Iteration 399... 400 sym states passed, 9 waiting 0.0330001s
Iteration 400... 401 sym states passed, 8 waiting 0.0330001s
Iteration 401... 402 sym states passed, 7 waiting 0.0330001s
Iteration 402... 403 sym states passed, 6 waiting 0.0320001s
Iteration 403... 404 sym states passed, 8 waiting 0.0390001s
Iteration 404... 405 sym states passed, 9 waiting 0.0270001s
Iteration 405... 406 sym states passed, 9 waiting 0.0140001s
Iteration 406... 407 sym states passed, 11 waiting 0.0400001s
Iteration 407... 408 sym states passed, 12 waiting 0.0270001s
Iteration 408... 409 sym states passed, 12 waiting 0.0150001s
Iteration 409... 410 sym states passed, 11 waiting 0.0160001s
Iteration 410... 411 sym states passed, 10 waiting 0.0160001s
Iteration 411... 412 sym states passed, 9 waiting 0.0160001s
Iteration 412... 413 sym states passed, 8 waiting 0.0160001s
Iteration 413... 414 sym states passed, 7 waiting 0.0160001s
Iteration 414... 415 sym states passed, 6 waiting 0.0170001s
Iteration 415... 416 sym states passed, 5 waiting 0.0170001s
Iteration 416... 417 sym states passed, 4 waiting 0.0170001s
Iteration 417... 418 sym states passed, 3 waiting 0.0170001s
Iteration 418... 419 sym states passed, 2 waiting 0.0170001s
Iteration 419... 420 sym states passed, 1 waiting 0.0170001s
Iteration 420... 421 sym states passed, 0 waiting 0.0170001s
Found fixpoint after 421 iterations.
Computing reachable states done after 20.8711s
Forbidden states are reachable.
Output of reachable bad states... 0 4 4 8 0 0 1 0
0 4 4 8 0.0100001 0 1 0
0.0100001 4 4 8 0 0 1 0
0.0100001 4 4 8 0.0100001 0 1 0
0 4 4 8 0 0 1 1
0 4 4 8 0.0200001 0 1 1
0.0200001 4 4 8 0 0 1 1
0.0200001 4 4 8 0.0200001 0 1 1
0 4 4 8 0 0 1 0
0 4 4 8 0.0200001 0 1 0
0.0200001 4 4 8 0 0 1 0
0.0200001 4 4 8 0.0200001 0 1 0
0.0460001s
25.97user 0.03system 0:26.01elapsed 99%CPU (0avgtext+0avgdata 42628maxresident)k
0inputs+80outputs (0major+10213minor)pagefaults 0swaps
