Computing reachable states... 
Iteration 0... 1 sym states passed, 4 waiting 0.00600001s
Iteration 1... 2 sym states passed, 6 waiting 0.00500001s
Iteration 2... 3 sym states passed, 8 waiting 0.00400001s
Iteration 3... 4 sym states passed, 8 waiting 0.00300001s
Iteration 4... 5 sym states passed, 8 waiting 0.00200001s
Iteration 5... 6 sym states passed, 10 waiting 0.00200001s
Iteration 6... 7 sym states passed, 10 waiting 0.00200001s
Iteration 7... 8 sym states passed, 10 waiting 0.00100001s
Iteration 8... 9 sym states passed, 12 waiting 0.00200001s
Iteration 9... 10 sym states passed, 12 waiting 0.00200001s
Iteration 10... 11 sym states passed, 12 waiting 0.00200001s
Iteration 11... 12 sym states passed, 12 waiting 0.00200001s
Iteration 12... 13 sym states passed, 12 waiting 0.00200001s
Iteration 13... 14 sym states passed, 11 waiting 0.00200001s
Iteration 14... 15 sym states passed, 12 waiting 0.00200001s
Iteration 15... 16 sym states passed, 13 waiting 0.00100001s
Iteration 16... 17 sym states passed, 13 waiting 0.00200001s
Iteration 17... 18 sym states passed, 13 waiting 0.00100001s
Iteration 18... 19 sym states passed, 12 waiting 0.00200001s
Iteration 19... 20 sym states passed, 13 waiting 0.00100001s
Iteration 20... 21 sym states passed, 14 waiting 0.00100001s
Iteration 21... 22 sym states passed, 14 waiting 0.00200001s
Iteration 22... 23 sym states passed, 14 waiting 0.00200001s
Iteration 23... 24 sym states passed, 13 waiting 0.00200001s
Iteration 24... 25 sym states passed, 12 waiting 0.00200001s
Iteration 25... 26 sym states passed, 11 waiting 0.00200001s
Iteration 26... 27 sym states passed, 12 waiting 0.00200001s
Iteration 27... 28 sym states passed, 11 waiting 0.00200001s
Iteration 28... 29 sym states passed, 12 waiting 0.00200001s
Iteration 29... 30 sym states passed, 11 waiting 0.00200001s
Iteration 30... 31 sym states passed, 10 waiting 0.00200001s
Iteration 31... 32 sym states passed, 9 waiting 0.00200001s
Iteration 32... 33 sym states passed, 10 waiting 0.00200001s
Iteration 33... 34 sym states passed, 9 waiting 0.00200001s
Iteration 34... 35 sym states passed, 10 waiting 0.00200001s
Iteration 35... 36 sym states passed, 9 waiting 0.00200001s
Iteration 36... 37 sym states passed, 8 waiting 0.00200001s
Iteration 37... 38 sym states passed, 8 waiting 0.00200001s
Iteration 38... 39 sym states passed, 7 waiting 0.00200001s
Iteration 39... 40 sym states passed, 7 waiting 0.00200001s
Iteration 40... 41 sym states passed, 6 waiting 0.00200001s
Iteration 41... 42 sym states passed, 6 waiting 0.00200001s
Iteration 42... 43 sym states passed, 5 waiting 0.00200001s
Iteration 43... 44 sym states passed, 5 waiting 0.00200001s
Iteration 44... 45 sym states passed, 4 waiting 0.00200001s
Iteration 45... 46 sym states passed, 7 waiting 0.00300001s
Iteration 46... 47 sym states passed, 10 waiting 0.00300001s
Iteration 47... 48 sym states passed, 13 waiting 0.00300001s
Iteration 48... 49 sym states passed, 16 waiting 0.00300001s
Iteration 49... 50 sym states passed, 18 waiting 0.00200001s
Iteration 50... 51 sym states passed, 20 waiting 0.00200001s
Iteration 51... 52 sym states passed, 20 waiting 0.00300001s
Iteration 52... 53 sym states passed, 20 waiting 0.00300001s
Iteration 53... 54 sym states passed, 22 waiting 0.00200001s
Iteration 54... 55 sym states passed, 24 waiting 0.00200001s
Iteration 55... 56 sym states passed, 24 waiting 0.00300001s
Iteration 56... 57 sym states passed, 24 waiting 0.00300001s
Iteration 57... 58 sym states passed, 26 waiting 0.00200001s
Iteration 58... 59 sym states passed, 28 waiting 0.00200001s
Iteration 59... 60 sym states passed, 28 waiting 0.00400001s
Iteration 60... 61 sym states passed, 28 waiting 0.00400001s
Iteration 61... 62 sym states passed, 30 waiting 0.00200001s
Iteration 62... 63 sym states passed, 32 waiting 0.00200001s
Iteration 63... 64 sym states passed, 32 waiting 0.00500001s
Iteration 64... 65 sym states passed, 32 waiting 0.00500001s
Iteration 65... 66 sym states passed, 33 waiting 0.00200001s
Iteration 66... 67 sym states passed, 33 waiting 0.00200001s
Iteration 67... 68 sym states passed, 33 waiting 0.00200001s
Iteration 68... 69 sym states passed, 34 waiting 0.00200001s
Iteration 69... 70 sym states passed, 34 waiting 0.00200001s
Iteration 70... 71 sym states passed, 34 waiting 0.00200001s
Iteration 71... 72 sym states passed, 33 waiting 0.00300001s
Iteration 72... 73 sym states passed, 32 waiting 0.00300001s
Iteration 73... 74 sym states passed, 33 waiting 0.00200001s
Iteration 74... 75 sym states passed, 33 waiting 0.00200001s
Iteration 75... 76 sym states passed, 33 waiting 0.00200001s
Iteration 76... 77 sym states passed, 34 waiting 0.00200001s
Iteration 77... 78 sym states passed, 34 waiting 0.00200001s
Iteration 78... 79 sym states passed, 34 waiting 0.00200001s
Iteration 79... 80 sym states passed, 33 waiting 0.00300001s
Iteration 80... 81 sym states passed, 32 waiting 0.00300001s
Iteration 81... 82 sym states passed, 33 waiting 0.00200001s
Iteration 82... 83 sym states passed, 33 waiting 0.00200001s
Iteration 83... 84 sym states passed, 33 waiting 0.00200001s
Iteration 84... 85 sym states passed, 34 waiting 0.00200001s
Iteration 85... 86 sym states passed, 34 waiting 0.00300001s
Iteration 86... 87 sym states passed, 34 waiting 0.00300001s
Iteration 87... 88 sym states passed, 33 waiting 0.00400001s
Iteration 88... 89 sym states passed, 32 waiting 0.00400001s
Iteration 89... 90 sym states passed, 33 waiting 0.00200001s
Iteration 90... 91 sym states passed, 33 waiting 0.00300001s
Iteration 91... 92 sym states passed, 33 waiting 0.00300001s
Iteration 92... 93 sym states passed, 34 waiting 0.00200001s
Iteration 93... 94 sym states passed, 34 waiting 0.00300001s
Iteration 94... 95 sym states passed, 34 waiting 0.00300001s
Iteration 95... 96 sym states passed, 33 waiting 0.00400001s
Iteration 96... 97 sym states passed, 32 waiting 0.00400001s
Iteration 97... 98 sym states passed, 32 waiting 0.00100001s
Iteration 98... 99 sym states passed, 32 waiting 0.00100001s
Iteration 99... 100 sym states passed, 31 waiting 0.00200001s
Iteration 100... 101 sym states passed, 30 waiting 0.00200001s
Iteration 101... 102 sym states passed, 30 waiting 0.00100001s
Iteration 102... 103 sym states passed, 30 waiting 0.00100001s
Iteration 103... 104 sym states passed, 29 waiting 0.00200001s
Iteration 104... 105 sym states passed, 28 waiting 0.00200001s
Iteration 105... 106 sym states passed, 28 waiting 0.00100001s
Iteration 106... 107 sym states passed, 28 waiting 0.00100001s
Iteration 107... 108 sym states passed, 27 waiting 0.00200001s
Iteration 108... 109 sym states passed, 26 waiting 0.00200001s
Iteration 109... 110 sym states passed, 26 waiting 0.00100001s
Iteration 110... 111 sym states passed, 26 waiting 0.00100001s
Iteration 111... 112 sym states passed, 25 waiting 0.00200001s
Iteration 112... 113 sym states passed, 24 waiting 0.00200001s
Iteration 113... 114 sym states passed, 24 waiting 0.00200001s
Iteration 114... 115 sym states passed, 24 waiting 0.00200001s
Iteration 115... 116 sym states passed, 23 waiting 0.00200001s
Iteration 116... 117 sym states passed, 22 waiting 0.00200001s
Iteration 117... 118 sym states passed, 22 waiting 0.00200001s
Iteration 118... 119 sym states passed, 22 waiting 0.00200001s
Iteration 119... 120 sym states passed, 21 waiting 0.00200001s
Iteration 120... 121 sym states passed, 20 waiting 0.00200001s
Iteration 121... 122 sym states passed, 20 waiting 0.00100001s
Iteration 122... 123 sym states passed, 20 waiting 0.00100001s
Iteration 123... 124 sym states passed, 19 waiting 0.00200001s
Iteration 124... 125 sym states passed, 18 waiting 0.00300001s
Iteration 125... 126 sym states passed, 18 waiting 0.00100001s
Iteration 126... 127 sym states passed, 18 waiting 0.00200001s
Iteration 127... 128 sym states passed, 17 waiting 0.00300001s
Iteration 128... 129 sym states passed, 16 waiting 0.00300001s
Iteration 129... 130 sym states passed, 15 waiting 0.00100001s
Iteration 130... 131 sym states passed, 14 waiting 0.00100001s
Iteration 131... 132 sym states passed, 13 waiting 0.00100001s
Iteration 132... 133 sym states passed, 12 waiting 0.00100001s
Iteration 133... 134 sym states passed, 11 waiting 0.00100001s
Iteration 134... 135 sym states passed, 10 waiting 0.00100001s
Iteration 135... 136 sym states passed, 9 waiting 0.00100001s
Iteration 136... 137 sym states passed, 8 waiting 0.00100001s
Iteration 137... 138 sym states passed, 7 waiting 0.00100001s
Iteration 138... 139 sym states passed, 6 waiting 0.00100001s
Iteration 139... 140 sym states passed, 5 waiting 0.00100001s
Iteration 140... 141 sym states passed, 4 waiting 0.00100001s
Iteration 141... 142 sym states passed, 3 waiting 0.00100001s
Iteration 142... 143 sym states passed, 2 waiting 0.00100001s
Iteration 143... 144 sym states passed, 1 waiting 0.00100001s
Iteration 144... 145 sym states passed, 0 waiting 0.00100001s
Found fixpoint after 145 iterations.
Computing reachable states done after 0.386001s
Forbidden states are not reachable.
Output of reachable bad states... 
WARNING (ambiguous output) cannot represent empty set in GEN format
Output of reachable bad states done after 0s
ATTENTION: Warnings were issued.
Warnings on ambiguous output: 1
0.44user 0.01system 0:00.53elapsed 86%CPU (0avgtext+0avgdata 13124maxresident)k
552inputs+24outputs (21major+2115minor)pagefaults 0swaps
