Computing reachable states... 
Iteration 0... 1 sym states passed, 3 waiting 0.00400001s
Iteration 1... 2 sym states passed, 4 waiting 0.00200001s
Iteration 2... 3 sym states passed, 5 waiting 0.00100001s
Iteration 3... 4 sym states passed, 4 waiting 0.00200001s
Iteration 4... 5 sym states passed, 4 waiting 0.00200001s
Iteration 5... 6 sym states passed, 3 waiting 0.00100001s
Iteration 6... 7 sym states passed, 3 waiting 0.00100001s
Iteration 7... 8 sym states passed, 2 waiting 0.00100001s
Iteration 8... 9 sym states passed, 1 waiting 0.00100001s
Iteration 9... 10 sym states passed, 0 waiting 0.00100001s
Found fixpoint after 10 iterations.
Computing reachable states done after 0.0220001s
Forbidden states are not reachable.
Output of reachable bad states... 
WARNING (ambiguous output) cannot represent empty set in GEN format
Output of reachable bad states done after 0.00100001s
ATTENTION: Warnings were issued.
Warnings on ambiguous output: 1
0.04user 0.01system 0:00.13elapsed 41%CPU (0avgtext+0avgdata 10204maxresident)k
1272inputs+8outputs (22major+1390minor)pagefaults 0swaps
