Computing reachable states... 
Iteration 0... 1 sym states passed, 2 waiting 0.00400001s
Iteration 1... 2 sym states passed, 3 waiting 0.00300001s
Iteration 2... 3 sym states passed, 3 waiting 0.00200001s
Iteration 3... 4 sym states passed, 3 waiting 0.00100001s
Iteration 4... 5 sym states passed, 4 waiting 0.00200001s
Iteration 5... 6 sym states passed, 4 waiting 0.00100001s
Iteration 6... 7 sym states passed, 3 waiting 0.00100001s
Iteration 7... 8 sym states passed, 4 waiting 0.00100001s
Iteration 8... 9 sym states passed, 4 waiting 0.00200001s
Iteration 9... 10 sym states passed, 3 waiting 0.00100001s
Iteration 10... 11 sym states passed, 3 waiting 0.00200001s
Iteration 11... 12 sym states passed, 3 waiting 0.00100001s
Iteration 12... 13 sym states passed, 2 waiting 0.00200001s
Iteration 13... 14 sym states passed, 3 waiting 0.00200001s
Iteration 14... 15 sym states passed, 3 waiting 0.00200001s
Iteration 15... 16 sym states passed, 3 waiting 0.00100001s
Iteration 16... 17 sym states passed, 4 waiting 0.00200001s
Iteration 17... 18 sym states passed, 4 waiting 0.00100001s
Iteration 18... 19 sym states passed, 3 waiting 0.00100001s
Iteration 19... 20 sym states passed, 4 waiting 0.00200001s
Iteration 20... 21 sym states passed, 4 waiting 0.00200001s
Iteration 21... 22 sym states passed, 3 waiting 0.00100001s
Iteration 22... 23 sym states passed, 3 waiting 0.00200001s
Iteration 23... 24 sym states passed, 3 waiting 0.00100001s
Iteration 24... 25 sym states passed, 2 waiting 0.00200001s
Iteration 25... 26 sym states passed, 3 waiting 0.00200001s
Iteration 26... 27 sym states passed, 3 waiting 0.00200001s
Iteration 27... 28 sym states passed, 3 waiting 0.00100001s
Iteration 28... 29 sym states passed, 4 waiting 0.00200001s
Iteration 29... 30 sym states passed, 4 waiting 0.00100001s
Iteration 30... 31 sym states passed, 3 waiting 0.00100001s
Iteration 31... 32 sym states passed, 4 waiting 0.00200001s
Iteration 32... 33 sym states passed, 4 waiting 0.00200001s
Iteration 33... 34 sym states passed, 3 waiting 0.00100001s
Iteration 34... 35 sym states passed, 3 waiting 0.00200001s
Iteration 35... 36 sym states passed, 3 waiting 0.00100001s
Iteration 36... 37 sym states passed, 2 waiting 0.00200001s
Iteration 37... 38 sym states passed, 3 waiting 0.00200001s
Iteration 38... 39 sym states passed, 3 waiting 0.00200001s
Iteration 39... 40 sym states passed, 3 waiting 0.00100001s
Iteration 40... 41 sym states passed, 4 waiting 0.00200001s
Iteration 41... 42 sym states passed, 4 waiting 0.00100001s
Iteration 42... 43 sym states passed, 3 waiting 0.00100001s
Iteration 43... 44 sym states passed, 4 waiting 0.00200001s
Iteration 44... 45 sym states passed, 4 waiting 0.00200001s
Iteration 45... 46 sym states passed, 3 waiting 0.00100001s
Iteration 46... 47 sym states passed, 3 waiting 0.00200001s
Iteration 47... 48 sym states passed, 3 waiting 0.00100001s
Iteration 48... 49 sym states passed, 2 waiting 0.00200001s
Iteration 49... 50 sym states passed, 3 waiting 0.00200001s
Iteration 50... 51 sym states passed, 3 waiting 0.00200001s
Iteration 51... 52 sym states passed, 3 waiting 0.00100001s
Iteration 52... 53 sym states passed, 4 waiting 0.00300001s
Iteration 53... 54 sym states passed, 4 waiting 0.00100001s
Iteration 54... 55 sym states passed, 3 waiting 0.00100001s
Iteration 55... 56 sym states passed, 4 waiting 0.00200001s
Iteration 56... 57 sym states passed, 4 waiting 0.00200001s
Iteration 57... 58 sym states passed, 3 waiting 0.00100001s
Iteration 58... 59 sym states passed, 3 waiting 0.00200001s
Iteration 59... 60 sym states passed, 3 waiting 0.00100001s
Iteration 60... 61 sym states passed, 2 waiting 0.00200001s
Iteration 61... 62 sym states passed, 3 waiting 0.00200001s
Iteration 62... 63 sym states passed, 3 waiting 0.00200001s
Iteration 63... 64 sym states passed, 3 waiting 0.00100001s
Iteration 64... 65 sym states passed, 4 waiting 0.00300001s
Iteration 65... 66 sym states passed, 4 waiting 0.00100001s
Iteration 66... 67 sym states passed, 3 waiting 0.00100001s
Iteration 67... 68 sym states passed, 4 waiting 0.00200001s
Iteration 68... 69 sym states passed, 4 waiting 0.00200001s
Iteration 69... 70 sym states passed, 3 waiting 0.00100001s
Iteration 70... 71 sym states passed, 3 waiting 0.00200001s
Iteration 71... 72 sym states passed, 3 waiting 0.00200001s
Iteration 72... 73 sym states passed, 2 waiting 0.00200001s
Iteration 73... 74 sym states passed, 2 waiting 0.00200001s
Iteration 74... 75 sym states passed, 1 waiting 0.00200001s
Iteration 75... 76 sym states passed, 0 waiting 0.00200001s
Found fixpoint after 76 iterations.
Computing reachable states done after 0.170001s
Forbidden states are not reachable.
Output of reachable bad states... 
WARNING (ambiguous output) cannot represent empty set in GEN format
Output of reachable bad states done after 0s
ATTENTION: Warnings were issued.
Warnings on ambiguous output: 1
0.21user 0.01system 0:00.30elapsed 75%CPU (0avgtext+0avgdata 10704maxresident)k
1952inputs+16outputs (23major+1555minor)pagefaults 0swaps
